2018-11-09 10:06:07.321 - INFO  [  restartedMain] o.s.b.StartupInfoLogger        : Starting Application on jiangzhengdeMBP with PID 3313 (/Users/jiangzheng/Documents/Github/linghu-framework/webapi/target/classes started by jiangzheng in /Users/jiangzheng/Documents/Github/linghu-framework)
2018-11-09 10:06:07.374 - INFO  [  restartedMain] o.s.b.SpringApplication        : The following profiles are active: dev
2018-11-09 10:06:07.526 - INFO  [  restartedMain] c.s.AbstractApplicationContext : Refreshing org.springframework.boot.web.servlet.context.AnnotationConfigServletWebServerApplicationContext@65614fbb: startup date [Fri Nov 09 10:06:07 CST 2018]; root of context hierarchy
2018-11-09 10:06:10.322 - INFO  [  restartedMain] egate$BeanPostProcessorChecker : Bean 'org.springframework.transaction.annotation.ProxyTransactionManagementConfiguration' of type [org.springframework.transaction.annotation.ProxyTransactionManagementConfiguration$$EnhancerBySpringCGLIB$$14738a1a] is not eligible for getting processed by all BeanPostProcessors (for example: not eligible for auto-proxying)
2018-11-09 10:06:10.411 - INFO  [  restartedMain] egate$BeanPostProcessorChecker : Bean 'org.springframework.security.config.annotation.configuration.ObjectPostProcessorConfiguration' of type [org.springframework.security.config.annotation.configuration.ObjectPostProcessorConfiguration$$EnhancerBySpringCGLIB$$ad215254] is not eligible for getting processed by all BeanPostProcessors (for example: not eligible for auto-proxying)
2018-11-09 10:06:10.425 - INFO  [  restartedMain] egate$BeanPostProcessorChecker : Bean 'objectPostProcessor' of type [org.springframework.security.config.annotation.configuration.AutowireBeanFactoryObjectPostProcessor] is not eligible for getting processed by all BeanPostProcessors (for example: not eligible for auto-proxying)
2018-11-09 10:06:10.428 - INFO  [  restartedMain] egate$BeanPostProcessorChecker : Bean 'org.springframework.security.access.expression.method.DefaultMethodSecurityExpressionHandler@513b734a' of type [org.springframework.security.access.expression.method.DefaultMethodSecurityExpressionHandler] is not eligible for getting processed by all BeanPostProcessors (for example: not eligible for auto-proxying)
2018-11-09 10:06:10.438 - INFO  [  restartedMain] egate$BeanPostProcessorChecker : Bean 'org.springframework.security.config.annotation.method.configuration.GlobalMethodSecurityConfiguration' of type [org.springframework.security.config.annotation.method.configuration.GlobalMethodSecurityConfiguration$$EnhancerBySpringCGLIB$$d1f5f506] is not eligible for getting processed by all BeanPostProcessors (for example: not eligible for auto-proxying)
2018-11-09 10:06:10.454 - INFO  [  restartedMain] egate$BeanPostProcessorChecker : Bean 'methodSecurityMetadataSource' of type [org.springframework.security.access.method.DelegatingMethodSecurityMetadataSource] is not eligible for getting processed by all BeanPostProcessors (for example: not eligible for auto-proxying)
2018-11-09 10:06:11.275 - INFO  [  restartedMain] o.s.b.w.e.t.TomcatWebServer    : Tomcat initialized with port(s): 8080 (http)
2018-11-09 10:06:11.307 - INFO  [  restartedMain] o.a.j.l.DirectJDKLog           : Initializing ProtocolHandler ["http-nio-8080"]
2018-11-09 10:06:11.330 - INFO  [  restartedMain] o.a.j.l.DirectJDKLog           : Starting service [Tomcat]
2018-11-09 10:06:11.332 - INFO  [  restartedMain] o.a.j.l.DirectJDKLog           : Starting Servlet Engine: Apache Tomcat/8.5.31
2018-11-09 10:06:11.349 - INFO  [ost-startStop-1] o.a.j.l.DirectJDKLog           : The APR based Apache Tomcat Native library which allows optimal performance in production environments was not found on the java.library.path: [/Users/jiangzheng/Library/Java/Extensions:/Library/Java/Extensions:/Network/Library/Java/Extensions:/System/Library/Java/Extensions:/usr/lib/java:.]
2018-11-09 10:06:11.494 - INFO  [ost-startStop-1] o.a.j.l.DirectJDKLog           : Initializing Spring embedded WebApplicationContext
2018-11-09 10:06:11.496 - INFO  [ost-startStop-1] letWebServerApplicationContext : Root WebApplicationContext: initialization completed in 3973 ms
2018-11-09 10:06:13.575 - INFO  [ost-startStop-1] c.a.d.p.DruidDataSource        : {dataSource-1} inited
2018-11-09 10:06:13.675 - INFO  [ost-startStop-1] tainerEntityManagerFactoryBean : Building JPA container EntityManagerFactory for persistence unit 'default'
2018-11-09 10:06:13.734 - INFO  [ost-startStop-1] o.h.j.i.u.LogHelper            : HHH000204: Processing PersistenceUnitInfo [
	name: default
	...]
2018-11-09 10:06:13.941 - INFO  [ost-startStop-1] o.h.Version                    : HHH000412: Hibernate Core {5.2.17.Final}
2018-11-09 10:06:13.944 - INFO  [ost-startStop-1] o.h.c.Environment              : HHH000206: hibernate.properties not found
2018-11-09 10:06:14.035 - INFO  [ost-startStop-1] .a.c.r.j.JavaReflectionManager : HCANN000001: Hibernate Commons Annotations {5.0.1.Final}
2018-11-09 10:06:14.333 - INFO  [ost-startStop-1] o.h.d.Dialect                  : HHH000400: Using dialect: org.hibernate.dialect.MySQL5Dialect
2018-11-09 10:06:15.285 - INFO  [ost-startStop-1] stractEntityManagerFactoryBean : Initialized JPA EntityManagerFactory for persistence unit 'default'
2018-11-09 10:06:16.445 - INFO  [ost-startStop-1] AbstractFilterRegistrationBean : Mapping filter: 'characterEncodingFilter' to: [/*]
2018-11-09 10:06:16.446 - INFO  [ost-startStop-1] AbstractFilterRegistrationBean : Mapping filter: 'hiddenHttpMethodFilter' to: [/*]
2018-11-09 10:06:16.447 - INFO  [ost-startStop-1] AbstractFilterRegistrationBean : Mapping filter: 'httpPutFormContentFilter' to: [/*]
2018-11-09 10:06:16.447 - INFO  [ost-startStop-1] AbstractFilterRegistrationBean : Mapping filter: 'requestContextFilter' to: [/*]
2018-11-09 10:06:16.448 - INFO  [ost-startStop-1] AbstractFilterRegistrationBean : Mapping filter: 'springSecurityFilterChain' to: [/*]
2018-11-09 10:06:16.449 - INFO  [ost-startStop-1] AbstractFilterRegistrationBean : Mapping filter: 'webStatFilter' to urls: [/*]
2018-11-09 10:06:16.449 - INFO  [ost-startStop-1] AbstractFilterRegistrationBean : Mapping filter: 'jwtAuthenticationTokenFilter' to: [/*]
2018-11-09 10:06:16.450 - INFO  [ost-startStop-1] AbstractFilterRegistrationBean : Mapping filter: 'authenticationTokenFilterBean' to: [/*]
2018-11-09 10:06:16.450 - INFO  [ost-startStop-1] .b.w.s.ServletRegistrationBean : Servlet statViewServlet mapped to [/druid/*]
2018-11-09 10:06:16.453 - INFO  [ost-startStop-1] .b.w.s.ServletRegistrationBean : Servlet dispatcherServlet mapped to [/]
2018-11-09 10:06:17.372 - INFO  [  restartedMain] s.w.DefaultSecurityFilterChain : Creating filter chain: org.springframework.security.web.util.matcher.AnyRequestMatcher@1, [org.springframework.security.web.context.request.async.WebAsyncManagerIntegrationFilter@6b631831, org.springframework.security.web.context.SecurityContextPersistenceFilter@4261d7ce, org.springframework.security.web.header.HeaderWriterFilter@647d45d1, org.springframework.security.web.authentication.logout.LogoutFilter@3dd33193, linghu.filter.JwtAuthenticationTokenFilter@3280ad7, org.springframework.security.web.savedrequest.RequestCacheAwareFilter@22f1b70d, org.springframework.security.web.servletapi.SecurityContextHolderAwareRequestFilter@2eac90f1, org.springframework.security.web.authentication.AnonymousAuthenticationFilter@630d5432, org.springframework.security.web.session.SessionManagementFilter@467b63ff, org.springframework.security.web.access.ExceptionTranslationFilter@78c339f6, org.springframework.security.web.access.intercept.FilterSecurityInterceptor@5ad6c7f6]
2018-11-09 10:06:17.535 - INFO  [  restartedMain] .s.h.AbstractUrlHandlerMapping : Mapped URL path [/**/favicon.ico] onto handler of type [class org.springframework.web.servlet.resource.ResourceHttpRequestHandler]
2018-11-09 10:06:17.970 - INFO  [  restartedMain] a.RequestMappingHandlerAdapter : Looking for @ControllerAdvice: org.springframework.boot.web.servlet.context.AnnotationConfigServletWebServerApplicationContext@65614fbb: startup date [Fri Nov 09 10:06:07 CST 2018]; root of context hierarchy
2018-11-09 10:06:18.081 - WARN  [  restartedMain] uration$JpaWebMvcConfiguration : spring.jpa.open-in-view is enabled by default. Therefore, database queries may be performed during view rendering. Explicitly configure spring.jpa.open-in-view to disable this warning
2018-11-09 10:06:18.149 - INFO  [  restartedMain] rMethodMapping$MappingRegistry : Mapped "{[/auth/register],methods=[POST]}" onto public linghu.entity.User linghu.controller.AuthController.register(linghu.entity.User) throws org.springframework.security.core.AuthenticationException
2018-11-09 10:06:18.151 - INFO  [  restartedMain] rMethodMapping$MappingRegistry : Mapped "{[/auth],methods=[POST]}" onto public org.springframework.http.ResponseEntity<?> linghu.controller.AuthController.createAuthenticationToken(linghu.dto.JwtAuthenticationRequest) throws org.springframework.security.core.AuthenticationException
2018-11-09 10:06:18.152 - INFO  [  restartedMain] rMethodMapping$MappingRegistry : Mapped "{[/refresh],methods=[GET]}" onto public org.springframework.http.ResponseEntity<?> linghu.controller.AuthController.refreshAndGetAuthenticationToken(javax.servlet.http.HttpServletRequest) throws org.springframework.security.core.AuthenticationException
2018-11-09 10:06:18.158 - INFO  [  restartedMain] rMethodMapping$MappingRegistry : Mapped "{[/],methods=[GET]}" onto public java.lang.String linghu.controller.HomeController.index()
2018-11-09 10:06:18.159 - INFO  [  restartedMain] rMethodMapping$MappingRegistry : Mapped "{[/user]}" onto public java.security.Principal linghu.controller.HomeController.user(java.security.Principal)
2018-11-09 10:06:18.159 - INFO  [  restartedMain] rMethodMapping$MappingRegistry : Mapped "{[/private],methods=[GET]}" onto public java.lang.String linghu.controller.HomeController.privateArea()
2018-11-09 10:06:18.163 - INFO  [  restartedMain] rMethodMapping$MappingRegistry : Mapped "{[/error]}" onto public org.springframework.http.ResponseEntity<java.util.Map<java.lang.String, java.lang.Object>> org.springframework.boot.autoconfigure.web.servlet.error.BasicErrorController.error(javax.servlet.http.HttpServletRequest)
2018-11-09 10:06:18.164 - INFO  [  restartedMain] rMethodMapping$MappingRegistry : Mapped "{[/error],produces=[text/html]}" onto public org.springframework.web.servlet.ModelAndView org.springframework.boot.autoconfigure.web.servlet.error.BasicErrorController.errorHtml(javax.servlet.http.HttpServletRequest,javax.servlet.http.HttpServletResponse)
2018-11-09 10:06:18.250 - INFO  [  restartedMain] .s.h.AbstractUrlHandlerMapping : Mapped URL path [/webjars/**] onto handler of type [class org.springframework.web.servlet.resource.ResourceHttpRequestHandler]
2018-11-09 10:06:18.251 - INFO  [  restartedMain] .s.h.AbstractUrlHandlerMapping : Mapped URL path [/**] onto handler of type [class org.springframework.web.servlet.resource.ResourceHttpRequestHandler]
2018-11-09 10:06:18.853 - INFO  [  restartedMain] b.d.a.OptionalLiveReloadServer : LiveReload server is running on port 35729
2018-11-09 10:06:18.892 - INFO  [  restartedMain] o.s.j.e.MBeanExporter          : Registering beans for JMX exposure on startup
2018-11-09 10:06:18.893 - INFO  [  restartedMain] o.s.j.e.MBeanExporter          : Bean with name 'dataSource' has been autodetected for JMX exposure
2018-11-09 10:06:18.902 - INFO  [  restartedMain] o.s.j.e.MBeanExporter          : Located MBean 'dataSource': registering with JMX server as MBean [com.alibaba.druid.pool:name=dataSource,type=DruidDataSource]
2018-11-09 10:06:18.921 - INFO  [  restartedMain] o.a.j.l.DirectJDKLog           : Starting ProtocolHandler ["http-nio-8080"]
2018-11-09 10:06:18.959 - INFO  [  restartedMain] o.a.j.l.DirectJDKLog           : Using a shared selector for servlet write/read
2018-11-09 10:06:18.991 - INFO  [  restartedMain] o.s.b.w.e.t.TomcatWebServer    : Tomcat started on port(s): 8080 (http) with context path ''
2018-11-09 10:06:18.998 - INFO  [  restartedMain] o.s.b.StartupInfoLogger        : Started Application in 12.815 seconds (JVM running for 15.659)
2018-11-09 10:06:51.786 - INFO  [       Thread-9] c.s.AbstractApplicationContext : Closing org.springframework.boot.web.servlet.context.AnnotationConfigServletWebServerApplicationContext@65614fbb: startup date [Fri Nov 09 10:06:07 CST 2018]; root of context hierarchy
2018-11-09 10:06:51.800 - INFO  [       Thread-9] o.s.j.e.MBeanExporter          : Unregistering JMX-exposed beans on shutdown
2018-11-09 10:06:51.803 - INFO  [       Thread-9] s.j.s.MBeanRegistrationSupport : Unregistering JMX-exposed beans
2018-11-09 10:06:51.805 - INFO  [       Thread-9] stractEntityManagerFactoryBean : Closing JPA EntityManagerFactory for persistence unit 'default'
2018-11-09 10:06:51.824 - INFO  [       Thread-9] c.a.d.p.DruidDataSource        : {dataSource-1} closed
2018-11-09 10:07:05.328 - INFO  [  restartedMain] o.s.b.StartupInfoLogger        : Starting Application on jiangzhengdeMBP with PID 3328 (/Users/jiangzheng/Documents/Github/linghu-framework/webapi/target/classes started by jiangzheng in /Users/jiangzheng/Documents/Github/linghu-framework)
2018-11-09 10:07:05.339 - INFO  [  restartedMain] o.s.b.SpringApplication        : The following profiles are active: dev
2018-11-09 10:07:05.557 - INFO  [  restartedMain] c.s.AbstractApplicationContext : Refreshing org.springframework.boot.web.servlet.context.AnnotationConfigServletWebServerApplicationContext@78670629: startup date [Fri Nov 09 10:07:05 CST 2018]; root of context hierarchy
2018-11-09 10:07:08.302 - INFO  [  restartedMain] egate$BeanPostProcessorChecker : Bean 'org.springframework.transaction.annotation.ProxyTransactionManagementConfiguration' of type [org.springframework.transaction.annotation.ProxyTransactionManagementConfiguration$$EnhancerBySpringCGLIB$$bc2efeec] is not eligible for getting processed by all BeanPostProcessors (for example: not eligible for auto-proxying)
2018-11-09 10:07:08.377 - INFO  [  restartedMain] egate$BeanPostProcessorChecker : Bean 'org.springframework.security.config.annotation.configuration.ObjectPostProcessorConfiguration' of type [org.springframework.security.config.annotation.configuration.ObjectPostProcessorConfiguration$$EnhancerBySpringCGLIB$$54dcc726] is not eligible for getting processed by all BeanPostProcessors (for example: not eligible for auto-proxying)
2018-11-09 10:07:08.389 - INFO  [  restartedMain] egate$BeanPostProcessorChecker : Bean 'objectPostProcessor' of type [org.springframework.security.config.annotation.configuration.AutowireBeanFactoryObjectPostProcessor] is not eligible for getting processed by all BeanPostProcessors (for example: not eligible for auto-proxying)
2018-11-09 10:07:08.392 - INFO  [  restartedMain] egate$BeanPostProcessorChecker : Bean 'org.springframework.security.access.expression.method.DefaultMethodSecurityExpressionHandler@431d9996' of type [org.springframework.security.access.expression.method.DefaultMethodSecurityExpressionHandler] is not eligible for getting processed by all BeanPostProcessors (for example: not eligible for auto-proxying)
2018-11-09 10:07:08.400 - INFO  [  restartedMain] egate$BeanPostProcessorChecker : Bean 'org.springframework.security.config.annotation.method.configuration.GlobalMethodSecurityConfiguration' of type [org.springframework.security.config.annotation.method.configuration.GlobalMethodSecurityConfiguration$$EnhancerBySpringCGLIB$$79b169d8] is not eligible for getting processed by all BeanPostProcessors (for example: not eligible for auto-proxying)
2018-11-09 10:07:08.415 - INFO  [  restartedMain] egate$BeanPostProcessorChecker : Bean 'methodSecurityMetadataSource' of type [org.springframework.security.access.method.DelegatingMethodSecurityMetadataSource] is not eligible for getting processed by all BeanPostProcessors (for example: not eligible for auto-proxying)
2018-11-09 10:07:09.222 - INFO  [  restartedMain] o.s.b.w.e.t.TomcatWebServer    : Tomcat initialized with port(s): 8080 (http)
2018-11-09 10:07:09.254 - INFO  [  restartedMain] o.a.j.l.DirectJDKLog           : Initializing ProtocolHandler ["http-nio-8080"]
2018-11-09 10:07:09.276 - INFO  [  restartedMain] o.a.j.l.DirectJDKLog           : Starting service [Tomcat]
2018-11-09 10:07:09.277 - INFO  [  restartedMain] o.a.j.l.DirectJDKLog           : Starting Servlet Engine: Apache Tomcat/8.5.31
2018-11-09 10:07:09.298 - INFO  [ost-startStop-1] o.a.j.l.DirectJDKLog           : The APR based Apache Tomcat Native library which allows optimal performance in production environments was not found on the java.library.path: [/Users/jiangzheng/Library/Java/Extensions:/Library/Java/Extensions:/Network/Library/Java/Extensions:/System/Library/Java/Extensions:/usr/lib/java:.]
2018-11-09 10:07:09.445 - INFO  [ost-startStop-1] o.a.j.l.DirectJDKLog           : Initializing Spring embedded WebApplicationContext
2018-11-09 10:07:09.446 - INFO  [ost-startStop-1] letWebServerApplicationContext : Root WebApplicationContext: initialization completed in 3925 ms
2018-11-09 10:07:12.501 - INFO  [ost-startStop-1] c.a.d.p.DruidDataSource        : {dataSource-1} inited
2018-11-09 10:07:12.612 - INFO  [ost-startStop-1] tainerEntityManagerFactoryBean : Building JPA container EntityManagerFactory for persistence unit 'default'
2018-11-09 10:07:12.636 - INFO  [ost-startStop-1] o.h.j.i.u.LogHelper            : HHH000204: Processing PersistenceUnitInfo [
	name: default
	...]
2018-11-09 10:07:12.771 - INFO  [ost-startStop-1] o.h.Version                    : HHH000412: Hibernate Core {5.2.17.Final}
2018-11-09 10:07:12.777 - INFO  [ost-startStop-1] o.h.c.Environment              : HHH000206: hibernate.properties not found
2018-11-09 10:07:12.846 - INFO  [ost-startStop-1] .a.c.r.j.JavaReflectionManager : HCANN000001: Hibernate Commons Annotations {5.0.1.Final}
2018-11-09 10:07:13.109 - INFO  [ost-startStop-1] o.h.d.Dialect                  : HHH000400: Using dialect: org.hibernate.dialect.MySQL5Dialect
2018-11-09 10:07:13.879 - INFO  [ost-startStop-1] stractEntityManagerFactoryBean : Initialized JPA EntityManagerFactory for persistence unit 'default'
2018-11-09 10:07:15.010 - INFO  [ost-startStop-1] AbstractFilterRegistrationBean : Mapping filter: 'characterEncodingFilter' to: [/*]
2018-11-09 10:07:15.011 - INFO  [ost-startStop-1] AbstractFilterRegistrationBean : Mapping filter: 'hiddenHttpMethodFilter' to: [/*]
2018-11-09 10:07:15.012 - INFO  [ost-startStop-1] AbstractFilterRegistrationBean : Mapping filter: 'httpPutFormContentFilter' to: [/*]
2018-11-09 10:07:15.012 - INFO  [ost-startStop-1] AbstractFilterRegistrationBean : Mapping filter: 'requestContextFilter' to: [/*]
2018-11-09 10:07:15.013 - INFO  [ost-startStop-1] AbstractFilterRegistrationBean : Mapping filter: 'springSecurityFilterChain' to: [/*]
2018-11-09 10:07:15.014 - INFO  [ost-startStop-1] AbstractFilterRegistrationBean : Mapping filter: 'webStatFilter' to urls: [/*]
2018-11-09 10:07:15.014 - INFO  [ost-startStop-1] AbstractFilterRegistrationBean : Mapping filter: 'jwtAuthenticationTokenFilter' to: [/*]
2018-11-09 10:07:15.015 - INFO  [ost-startStop-1] AbstractFilterRegistrationBean : Mapping filter: 'authenticationTokenFilterBean' to: [/*]
2018-11-09 10:07:15.016 - INFO  [ost-startStop-1] .b.w.s.ServletRegistrationBean : Servlet statViewServlet mapped to [/druid/*]
2018-11-09 10:07:15.018 - INFO  [ost-startStop-1] .b.w.s.ServletRegistrationBean : Servlet dispatcherServlet mapped to [/]
2018-11-09 10:07:15.909 - INFO  [  restartedMain] s.w.DefaultSecurityFilterChain : Creating filter chain: org.springframework.security.web.util.matcher.AnyRequestMatcher@1, [org.springframework.security.web.context.request.async.WebAsyncManagerIntegrationFilter@193d0d0d, org.springframework.security.web.context.SecurityContextPersistenceFilter@4776652b, org.springframework.security.web.header.HeaderWriterFilter@a19db91, org.springframework.security.web.authentication.logout.LogoutFilter@14a80382, linghu.filter.JwtAuthenticationTokenFilter@49a089f2, org.springframework.security.web.savedrequest.RequestCacheAwareFilter@76af419c, org.springframework.security.web.servletapi.SecurityContextHolderAwareRequestFilter@77c4ddd9, org.springframework.security.web.authentication.AnonymousAuthenticationFilter@37086ebb, org.springframework.security.web.session.SessionManagementFilter@2c76ad31, org.springframework.security.web.access.ExceptionTranslationFilter@11427162, org.springframework.security.web.access.intercept.FilterSecurityInterceptor@1e809a02]
2018-11-09 10:07:16.058 - INFO  [  restartedMain] .s.h.AbstractUrlHandlerMapping : Mapped URL path [/**/favicon.ico] onto handler of type [class org.springframework.web.servlet.resource.ResourceHttpRequestHandler]
2018-11-09 10:07:16.464 - INFO  [  restartedMain] a.RequestMappingHandlerAdapter : Looking for @ControllerAdvice: org.springframework.boot.web.servlet.context.AnnotationConfigServletWebServerApplicationContext@78670629: startup date [Fri Nov 09 10:07:05 CST 2018]; root of context hierarchy
2018-11-09 10:07:16.550 - WARN  [  restartedMain] uration$JpaWebMvcConfiguration : spring.jpa.open-in-view is enabled by default. Therefore, database queries may be performed during view rendering. Explicitly configure spring.jpa.open-in-view to disable this warning
2018-11-09 10:07:16.632 - INFO  [  restartedMain] rMethodMapping$MappingRegistry : Mapped "{[/auth/register],methods=[POST]}" onto public linghu.entity.User linghu.controller.AuthController.register(linghu.entity.User) throws org.springframework.security.core.AuthenticationException
2018-11-09 10:07:16.635 - INFO  [  restartedMain] rMethodMapping$MappingRegistry : Mapped "{[/auth],methods=[POST]}" onto public org.springframework.http.ResponseEntity<?> linghu.controller.AuthController.createAuthenticationToken(linghu.dto.JwtAuthenticationRequest) throws org.springframework.security.core.AuthenticationException
2018-11-09 10:07:16.635 - INFO  [  restartedMain] rMethodMapping$MappingRegistry : Mapped "{[/refresh],methods=[GET]}" onto public org.springframework.http.ResponseEntity<?> linghu.controller.AuthController.refreshAndGetAuthenticationToken(javax.servlet.http.HttpServletRequest) throws org.springframework.security.core.AuthenticationException
2018-11-09 10:07:16.642 - INFO  [  restartedMain] rMethodMapping$MappingRegistry : Mapped "{[/],methods=[GET]}" onto public java.lang.String linghu.controller.HomeController.index()
2018-11-09 10:07:16.643 - INFO  [  restartedMain] rMethodMapping$MappingRegistry : Mapped "{[/user]}" onto public java.security.Principal linghu.controller.HomeController.user(java.security.Principal)
2018-11-09 10:07:16.643 - INFO  [  restartedMain] rMethodMapping$MappingRegistry : Mapped "{[/private],methods=[GET]}" onto public java.lang.String linghu.controller.HomeController.privateArea()
2018-11-09 10:07:16.647 - INFO  [  restartedMain] rMethodMapping$MappingRegistry : Mapped "{[/error]}" onto public org.springframework.http.ResponseEntity<java.util.Map<java.lang.String, java.lang.Object>> org.springframework.boot.autoconfigure.web.servlet.error.BasicErrorController.error(javax.servlet.http.HttpServletRequest)
2018-11-09 10:07:16.648 - INFO  [  restartedMain] rMethodMapping$MappingRegistry : Mapped "{[/error],produces=[text/html]}" onto public org.springframework.web.servlet.ModelAndView org.springframework.boot.autoconfigure.web.servlet.error.BasicErrorController.errorHtml(javax.servlet.http.HttpServletRequest,javax.servlet.http.HttpServletResponse)
2018-11-09 10:07:16.834 - INFO  [  restartedMain] .s.h.AbstractUrlHandlerMapping : Mapped URL path [/webjars/**] onto handler of type [class org.springframework.web.servlet.resource.ResourceHttpRequestHandler]
2018-11-09 10:07:16.835 - INFO  [  restartedMain] .s.h.AbstractUrlHandlerMapping : Mapped URL path [/**] onto handler of type [class org.springframework.web.servlet.resource.ResourceHttpRequestHandler]
2018-11-09 10:07:17.419 - INFO  [  restartedMain] b.d.a.OptionalLiveReloadServer : LiveReload server is running on port 35729
2018-11-09 10:07:17.463 - INFO  [  restartedMain] o.s.j.e.MBeanExporter          : Registering beans for JMX exposure on startup
2018-11-09 10:07:17.465 - INFO  [  restartedMain] o.s.j.e.MBeanExporter          : Bean with name 'dataSource' has been autodetected for JMX exposure
2018-11-09 10:07:17.475 - INFO  [  restartedMain] o.s.j.e.MBeanExporter          : Located MBean 'dataSource': registering with JMX server as MBean [com.alibaba.druid.pool:name=dataSource,type=DruidDataSource]
2018-11-09 10:07:17.493 - INFO  [  restartedMain] o.a.j.l.DirectJDKLog           : Starting ProtocolHandler ["http-nio-8080"]
2018-11-09 10:07:17.529 - INFO  [  restartedMain] o.a.j.l.DirectJDKLog           : Using a shared selector for servlet write/read
2018-11-09 10:07:17.558 - INFO  [  restartedMain] o.s.b.w.e.t.TomcatWebServer    : Tomcat started on port(s): 8080 (http) with context path ''
2018-11-09 10:07:17.568 - INFO  [  restartedMain] o.s.b.StartupInfoLogger        : Started Application in 13.462 seconds (JVM running for 16.559)
2018-11-09 10:07:38.616 - INFO  [nio-8080-exec-1] o.a.j.l.DirectJDKLog           : Initializing Spring FrameworkServlet 'dispatcherServlet'
2018-11-09 10:07:38.619 - INFO  [nio-8080-exec-1] o.s.w.s.FrameworkServlet       : FrameworkServlet 'dispatcherServlet': initialization started
2018-11-09 10:07:38.660 - INFO  [nio-8080-exec-1] o.s.w.s.FrameworkServlet       : FrameworkServlet 'dispatcherServlet': initialization completed in 41 ms
2018-11-09 10:09:37.085 - INFO  [       Thread-6] c.s.AbstractApplicationContext : Closing org.springframework.boot.web.servlet.context.AnnotationConfigServletWebServerApplicationContext@78670629: startup date [Fri Nov 09 10:07:05 CST 2018]; root of context hierarchy
2018-11-09 10:09:37.088 - INFO  [       Thread-6] o.s.j.e.MBeanExporter          : Unregistering JMX-exposed beans on shutdown
2018-11-09 10:09:37.089 - INFO  [       Thread-6] s.j.s.MBeanRegistrationSupport : Unregistering JMX-exposed beans
2018-11-09 10:09:37.092 - INFO  [       Thread-6] stractEntityManagerFactoryBean : Closing JPA EntityManagerFactory for persistence unit 'default'
2018-11-09 10:09:37.105 - INFO  [       Thread-6] c.a.d.p.DruidDataSource        : {dataSource-1} closed
2018-11-09 10:09:37.653 - INFO  [  restartedMain] o.s.b.StartupInfoLogger        : Starting Application on jiangzhengdeMBP with PID 3328 (/Users/jiangzheng/Documents/Github/linghu-framework/webapi/target/classes started by jiangzheng in /Users/jiangzheng/Documents/Github/linghu-framework)
2018-11-09 10:09:37.654 - INFO  [  restartedMain] o.s.b.SpringApplication        : The following profiles are active: dev
2018-11-09 10:09:37.659 - INFO  [  restartedMain] c.s.AbstractApplicationContext : Refreshing org.springframework.boot.web.servlet.context.AnnotationConfigServletWebServerApplicationContext@1f8d5d8: startup date [Fri Nov 09 10:09:37 CST 2018]; root of context hierarchy
2018-11-09 10:09:38.998 - INFO  [  restartedMain] egate$BeanPostProcessorChecker : Bean 'org.springframework.transaction.annotation.ProxyTransactionManagementConfiguration' of type [org.springframework.transaction.annotation.ProxyTransactionManagementConfiguration$$EnhancerBySpringCGLIB$$bc2efeec] is not eligible for getting processed by all BeanPostProcessors (for example: not eligible for auto-proxying)
2018-11-09 10:09:39.015 - INFO  [  restartedMain] egate$BeanPostProcessorChecker : Bean 'org.springframework.security.config.annotation.configuration.ObjectPostProcessorConfiguration' of type [org.springframework.security.config.annotation.configuration.ObjectPostProcessorConfiguration$$EnhancerBySpringCGLIB$$54dcc726] is not eligible for getting processed by all BeanPostProcessors (for example: not eligible for auto-proxying)
2018-11-09 10:09:39.018 - INFO  [  restartedMain] egate$BeanPostProcessorChecker : Bean 'objectPostProcessor' of type [org.springframework.security.config.annotation.configuration.AutowireBeanFactoryObjectPostProcessor] is not eligible for getting processed by all BeanPostProcessors (for example: not eligible for auto-proxying)
2018-11-09 10:09:39.018 - INFO  [  restartedMain] egate$BeanPostProcessorChecker : Bean 'org.springframework.security.access.expression.method.DefaultMethodSecurityExpressionHandler@3cf4a64a' of type [org.springframework.security.access.expression.method.DefaultMethodSecurityExpressionHandler] is not eligible for getting processed by all BeanPostProcessors (for example: not eligible for auto-proxying)
2018-11-09 10:09:39.025 - INFO  [  restartedMain] egate$BeanPostProcessorChecker : Bean 'org.springframework.security.config.annotation.method.configuration.GlobalMethodSecurityConfiguration' of type [org.springframework.security.config.annotation.method.configuration.GlobalMethodSecurityConfiguration$$EnhancerBySpringCGLIB$$79b169d8] is not eligible for getting processed by all BeanPostProcessors (for example: not eligible for auto-proxying)
2018-11-09 10:09:39.027 - INFO  [  restartedMain] egate$BeanPostProcessorChecker : Bean 'methodSecurityMetadataSource' of type [org.springframework.security.access.method.DelegatingMethodSecurityMetadataSource] is not eligible for getting processed by all BeanPostProcessors (for example: not eligible for auto-proxying)
2018-11-09 10:09:39.243 - INFO  [  restartedMain] o.s.b.w.e.t.TomcatWebServer    : Tomcat initialized with port(s): 8080 (http)
2018-11-09 10:09:39.248 - INFO  [  restartedMain] o.a.j.l.DirectJDKLog           : Initializing ProtocolHandler ["http-nio-8080"]
2018-11-09 10:09:39.249 - INFO  [  restartedMain] o.a.j.l.DirectJDKLog           : Starting service [Tomcat]
2018-11-09 10:09:39.250 - INFO  [  restartedMain] o.a.j.l.DirectJDKLog           : Starting Servlet Engine: Apache Tomcat/8.5.31
2018-11-09 10:09:39.276 - INFO  [ost-startStop-1] o.a.j.l.DirectJDKLog           : Initializing Spring embedded WebApplicationContext
2018-11-09 10:09:39.277 - INFO  [ost-startStop-1] letWebServerApplicationContext : Root WebApplicationContext: initialization completed in 1618 ms
2018-11-09 10:10:37.293 - INFO  [  restartedMain] o.s.b.StartupInfoLogger        : Starting Application on jiangzhengdeMBP with PID 3366 (/Users/jiangzheng/Documents/Github/linghu-framework/webapi/target/classes started by jiangzheng in /Users/jiangzheng/Documents/Github/linghu-framework)
2018-11-09 10:10:37.310 - INFO  [  restartedMain] o.s.b.SpringApplication        : The following profiles are active: dev
2018-11-09 10:10:37.421 - INFO  [  restartedMain] c.s.AbstractApplicationContext : Refreshing org.springframework.boot.web.servlet.context.AnnotationConfigServletWebServerApplicationContext@2866d2cb: startup date [Fri Nov 09 10:10:37 CST 2018]; root of context hierarchy
2018-11-09 10:10:40.019 - INFO  [  restartedMain] egate$BeanPostProcessorChecker : Bean 'org.springframework.transaction.annotation.ProxyTransactionManagementConfiguration' of type [org.springframework.transaction.annotation.ProxyTransactionManagementConfiguration$$EnhancerBySpringCGLIB$$d77b8af7] is not eligible for getting processed by all BeanPostProcessors (for example: not eligible for auto-proxying)
2018-11-09 10:10:40.094 - INFO  [  restartedMain] egate$BeanPostProcessorChecker : Bean 'org.springframework.security.config.annotation.configuration.ObjectPostProcessorConfiguration' of type [org.springframework.security.config.annotation.configuration.ObjectPostProcessorConfiguration$$EnhancerBySpringCGLIB$$70295331] is not eligible for getting processed by all BeanPostProcessors (for example: not eligible for auto-proxying)
2018-11-09 10:10:40.110 - INFO  [  restartedMain] egate$BeanPostProcessorChecker : Bean 'objectPostProcessor' of type [org.springframework.security.config.annotation.configuration.AutowireBeanFactoryObjectPostProcessor] is not eligible for getting processed by all BeanPostProcessors (for example: not eligible for auto-proxying)
2018-11-09 10:10:40.113 - INFO  [  restartedMain] egate$BeanPostProcessorChecker : Bean 'org.springframework.security.access.expression.method.DefaultMethodSecurityExpressionHandler@69e1c149' of type [org.springframework.security.access.expression.method.DefaultMethodSecurityExpressionHandler] is not eligible for getting processed by all BeanPostProcessors (for example: not eligible for auto-proxying)
2018-11-09 10:10:40.126 - INFO  [  restartedMain] egate$BeanPostProcessorChecker : Bean 'org.springframework.security.config.annotation.method.configuration.GlobalMethodSecurityConfiguration' of type [org.springframework.security.config.annotation.method.configuration.GlobalMethodSecurityConfiguration$$EnhancerBySpringCGLIB$$94fdf5e3] is not eligible for getting processed by all BeanPostProcessors (for example: not eligible for auto-proxying)
2018-11-09 10:10:40.148 - INFO  [  restartedMain] egate$BeanPostProcessorChecker : Bean 'methodSecurityMetadataSource' of type [org.springframework.security.access.method.DelegatingMethodSecurityMetadataSource] is not eligible for getting processed by all BeanPostProcessors (for example: not eligible for auto-proxying)
2018-11-09 10:10:41.085 - INFO  [  restartedMain] o.s.b.w.e.t.TomcatWebServer    : Tomcat initialized with port(s): 8080 (http)
2018-11-09 10:10:41.119 - INFO  [  restartedMain] o.a.j.l.DirectJDKLog           : Initializing ProtocolHandler ["http-nio-8080"]
2018-11-09 10:10:41.150 - INFO  [  restartedMain] o.a.j.l.DirectJDKLog           : Starting service [Tomcat]
2018-11-09 10:10:41.152 - INFO  [  restartedMain] o.a.j.l.DirectJDKLog           : Starting Servlet Engine: Apache Tomcat/8.5.31
2018-11-09 10:10:41.177 - INFO  [ost-startStop-1] o.a.j.l.DirectJDKLog           : The APR based Apache Tomcat Native library which allows optimal performance in production environments was not found on the java.library.path: [/Users/jiangzheng/Library/Java/Extensions:/Library/Java/Extensions:/Network/Library/Java/Extensions:/System/Library/Java/Extensions:/usr/lib/java:.]
2018-11-09 10:10:41.351 - INFO  [ost-startStop-1] o.a.j.l.DirectJDKLog           : Initializing Spring embedded WebApplicationContext
2018-11-09 10:10:41.352 - INFO  [ost-startStop-1] letWebServerApplicationContext : Root WebApplicationContext: initialization completed in 3936 ms
2018-11-09 10:10:43.427 - INFO  [ost-startStop-1] c.a.d.p.DruidDataSource        : {dataSource-1} inited
2018-11-09 10:10:43.524 - INFO  [ost-startStop-1] tainerEntityManagerFactoryBean : Building JPA container EntityManagerFactory for persistence unit 'default'
2018-11-09 10:10:43.562 - INFO  [ost-startStop-1] o.h.j.i.u.LogHelper            : HHH000204: Processing PersistenceUnitInfo [
	name: default
	...]
2018-11-09 10:10:43.851 - INFO  [ost-startStop-1] o.h.Version                    : HHH000412: Hibernate Core {5.2.17.Final}
2018-11-09 10:10:43.855 - INFO  [ost-startStop-1] o.h.c.Environment              : HHH000206: hibernate.properties not found
2018-11-09 10:10:43.930 - INFO  [ost-startStop-1] .a.c.r.j.JavaReflectionManager : HCANN000001: Hibernate Commons Annotations {5.0.1.Final}
2018-11-09 10:10:44.312 - INFO  [ost-startStop-1] o.h.d.Dialect                  : HHH000400: Using dialect: org.hibernate.dialect.MySQL5Dialect
2018-11-09 10:10:45.271 - INFO  [ost-startStop-1] stractEntityManagerFactoryBean : Initialized JPA EntityManagerFactory for persistence unit 'default'
2018-11-09 10:10:46.457 - INFO  [ost-startStop-1] AbstractFilterRegistrationBean : Mapping filter: 'characterEncodingFilter' to: [/*]
2018-11-09 10:10:46.458 - INFO  [ost-startStop-1] AbstractFilterRegistrationBean : Mapping filter: 'hiddenHttpMethodFilter' to: [/*]
2018-11-09 10:10:46.458 - INFO  [ost-startStop-1] AbstractFilterRegistrationBean : Mapping filter: 'httpPutFormContentFilter' to: [/*]
2018-11-09 10:10:46.458 - INFO  [ost-startStop-1] AbstractFilterRegistrationBean : Mapping filter: 'requestContextFilter' to: [/*]
2018-11-09 10:10:46.459 - INFO  [ost-startStop-1] AbstractFilterRegistrationBean : Mapping filter: 'springSecurityFilterChain' to: [/*]
2018-11-09 10:10:46.460 - INFO  [ost-startStop-1] AbstractFilterRegistrationBean : Mapping filter: 'webStatFilter' to urls: [/*]
2018-11-09 10:10:46.460 - INFO  [ost-startStop-1] AbstractFilterRegistrationBean : Mapping filter: 'jwtAuthenticationTokenFilter' to: [/*]
2018-11-09 10:10:46.461 - INFO  [ost-startStop-1] AbstractFilterRegistrationBean : Mapping filter: 'authenticationTokenFilterBean' to: [/*]
2018-11-09 10:10:46.461 - INFO  [ost-startStop-1] .b.w.s.ServletRegistrationBean : Servlet statViewServlet mapped to [/druid/*]
2018-11-09 10:10:46.464 - INFO  [ost-startStop-1] .b.w.s.ServletRegistrationBean : Servlet dispatcherServlet mapped to [/]
2018-11-09 10:10:47.361 - INFO  [  restartedMain] s.w.DefaultSecurityFilterChain : Creating filter chain: org.springframework.security.web.util.matcher.AnyRequestMatcher@1, [org.springframework.security.web.context.request.async.WebAsyncManagerIntegrationFilter@a57f6f6, org.springframework.security.web.context.SecurityContextPersistenceFilter@1831f0c0, org.springframework.security.web.header.HeaderWriterFilter@2d5881fb, org.springframework.security.web.authentication.logout.LogoutFilter@4df1ba01, linghu.filter.JwtAuthenticationTokenFilter@19a6c047, org.springframework.security.web.savedrequest.RequestCacheAwareFilter@4a62a368, org.springframework.security.web.servletapi.SecurityContextHolderAwareRequestFilter@491638ed, org.springframework.security.web.authentication.AnonymousAuthenticationFilter@6b88e16b, org.springframework.security.web.session.SessionManagementFilter@1e38b9cd, org.springframework.security.web.access.ExceptionTranslationFilter@30db5f26, org.springframework.security.web.access.intercept.FilterSecurityInterceptor@655f3a58]
2018-11-09 10:10:47.525 - INFO  [  restartedMain] .s.h.AbstractUrlHandlerMapping : Mapped URL path [/**/favicon.ico] onto handler of type [class org.springframework.web.servlet.resource.ResourceHttpRequestHandler]
2018-11-09 10:10:47.960 - INFO  [  restartedMain] a.RequestMappingHandlerAdapter : Looking for @ControllerAdvice: org.springframework.boot.web.servlet.context.AnnotationConfigServletWebServerApplicationContext@2866d2cb: startup date [Fri Nov 09 10:10:37 CST 2018]; root of context hierarchy
2018-11-09 10:10:48.068 - WARN  [  restartedMain] uration$JpaWebMvcConfiguration : spring.jpa.open-in-view is enabled by default. Therefore, database queries may be performed during view rendering. Explicitly configure spring.jpa.open-in-view to disable this warning
2018-11-09 10:10:48.134 - INFO  [  restartedMain] rMethodMapping$MappingRegistry : Mapped "{[/auth/register],methods=[POST]}" onto public linghu.entity.User linghu.controller.AuthController.register(linghu.entity.User) throws org.springframework.security.core.AuthenticationException
2018-11-09 10:10:48.136 - INFO  [  restartedMain] rMethodMapping$MappingRegistry : Mapped "{[/auth],methods=[POST]}" onto public org.springframework.http.ResponseEntity<?> linghu.controller.AuthController.createAuthenticationToken(linghu.dto.JwtAuthenticationRequest) throws org.springframework.security.core.AuthenticationException
2018-11-09 10:10:48.137 - INFO  [  restartedMain] rMethodMapping$MappingRegistry : Mapped "{[/refresh],methods=[GET]}" onto public org.springframework.http.ResponseEntity<?> linghu.controller.AuthController.refreshAndGetAuthenticationToken(javax.servlet.http.HttpServletRequest) throws org.springframework.security.core.AuthenticationException
2018-11-09 10:10:48.144 - INFO  [  restartedMain] rMethodMapping$MappingRegistry : Mapped "{[/],methods=[GET]}" onto public java.lang.String linghu.controller.HomeController.index()
2018-11-09 10:10:48.144 - INFO  [  restartedMain] rMethodMapping$MappingRegistry : Mapped "{[/private],methods=[GET]}" onto public java.lang.String linghu.controller.HomeController.privateArea()
2018-11-09 10:10:48.145 - INFO  [  restartedMain] rMethodMapping$MappingRegistry : Mapped "{[/user]}" onto public java.security.Principal linghu.controller.HomeController.user(java.security.Principal)
2018-11-09 10:10:48.147 - INFO  [  restartedMain] rMethodMapping$MappingRegistry : Mapped "{[/error]}" onto public org.springframework.http.ResponseEntity<java.util.Map<java.lang.String, java.lang.Object>> org.springframework.boot.autoconfigure.web.servlet.error.BasicErrorController.error(javax.servlet.http.HttpServletRequest)
2018-11-09 10:10:48.149 - INFO  [  restartedMain] rMethodMapping$MappingRegistry : Mapped "{[/error],produces=[text/html]}" onto public org.springframework.web.servlet.ModelAndView org.springframework.boot.autoconfigure.web.servlet.error.BasicErrorController.errorHtml(javax.servlet.http.HttpServletRequest,javax.servlet.http.HttpServletResponse)
2018-11-09 10:10:48.251 - INFO  [  restartedMain] .s.h.AbstractUrlHandlerMapping : Mapped URL path [/webjars/**] onto handler of type [class org.springframework.web.servlet.resource.ResourceHttpRequestHandler]
2018-11-09 10:10:48.252 - INFO  [  restartedMain] .s.h.AbstractUrlHandlerMapping : Mapped URL path [/**] onto handler of type [class org.springframework.web.servlet.resource.ResourceHttpRequestHandler]
2018-11-09 10:10:48.830 - INFO  [  restartedMain] b.d.a.OptionalLiveReloadServer : LiveReload server is running on port 35729
2018-11-09 10:10:48.871 - INFO  [  restartedMain] o.s.j.e.MBeanExporter          : Registering beans for JMX exposure on startup
2018-11-09 10:10:48.872 - INFO  [  restartedMain] o.s.j.e.MBeanExporter          : Bean with name 'dataSource' has been autodetected for JMX exposure
2018-11-09 10:10:48.882 - INFO  [  restartedMain] o.s.j.e.MBeanExporter          : Located MBean 'dataSource': registering with JMX server as MBean [com.alibaba.druid.pool:name=dataSource,type=DruidDataSource]
2018-11-09 10:10:48.900 - INFO  [  restartedMain] o.a.j.l.DirectJDKLog           : Starting ProtocolHandler ["http-nio-8080"]
2018-11-09 10:10:48.936 - INFO  [  restartedMain] o.a.j.l.DirectJDKLog           : Using a shared selector for servlet write/read
2018-11-09 10:10:48.962 - INFO  [  restartedMain] o.s.b.w.e.t.TomcatWebServer    : Tomcat started on port(s): 8080 (http) with context path ''
2018-11-09 10:10:48.969 - INFO  [  restartedMain] o.s.b.StartupInfoLogger        : Started Application in 12.378 seconds (JVM running for 14.863)
2018-11-09 10:10:57.583 - INFO  [nio-8080-exec-1] o.a.j.l.DirectJDKLog           : Initializing Spring FrameworkServlet 'dispatcherServlet'
2018-11-09 10:10:57.584 - INFO  [nio-8080-exec-1] o.s.w.s.FrameworkServlet       : FrameworkServlet 'dispatcherServlet': initialization started
2018-11-09 10:10:57.618 - INFO  [nio-8080-exec-1] o.s.w.s.FrameworkServlet       : FrameworkServlet 'dispatcherServlet': initialization completed in 34 ms
2018-11-09 10:10:57.726 - INFO  [nio-8080-exec-1] l.c.HomeController             : error
2018-11-09 10:11:16.556 - INFO  [nio-8080-exec-2] l.c.HomeController             : error
2018-11-09 10:11:37.686 - INFO  [       Thread-6] c.s.AbstractApplicationContext : Closing org.springframework.boot.web.servlet.context.AnnotationConfigServletWebServerApplicationContext@2866d2cb: startup date [Fri Nov 09 10:10:37 CST 2018]; root of context hierarchy
2018-11-09 10:11:37.691 - INFO  [       Thread-6] o.s.j.e.MBeanExporter          : Unregistering JMX-exposed beans on shutdown
2018-11-09 10:11:37.693 - INFO  [       Thread-6] s.j.s.MBeanRegistrationSupport : Unregistering JMX-exposed beans
2018-11-09 10:11:37.695 - INFO  [       Thread-6] stractEntityManagerFactoryBean : Closing JPA EntityManagerFactory for persistence unit 'default'
2018-11-09 10:11:37.707 - INFO  [       Thread-6] c.a.d.p.DruidDataSource        : {dataSource-1} closed
2018-11-09 10:11:38.371 - INFO  [  restartedMain] o.s.b.StartupInfoLogger        : Starting Application on jiangzhengdeMBP with PID 3366 (/Users/jiangzheng/Documents/Github/linghu-framework/webapi/target/classes started by jiangzheng in /Users/jiangzheng/Documents/Github/linghu-framework)
2018-11-09 10:11:38.373 - INFO  [  restartedMain] o.s.b.SpringApplication        : The following profiles are active: dev
2018-11-09 10:11:38.424 - INFO  [  restartedMain] c.s.AbstractApplicationContext : Refreshing org.springframework.boot.web.servlet.context.AnnotationConfigServletWebServerApplicationContext@518fa06: startup date [Fri Nov 09 10:11:38 CST 2018]; root of context hierarchy
2018-11-09 10:11:40.080 - INFO  [  restartedMain] egate$BeanPostProcessorChecker : Bean 'org.springframework.transaction.annotation.ProxyTransactionManagementConfiguration' of type [org.springframework.transaction.annotation.ProxyTransactionManagementConfiguration$$EnhancerBySpringCGLIB$$d77b8af7] is not eligible for getting processed by all BeanPostProcessors (for example: not eligible for auto-proxying)
2018-11-09 10:11:40.093 - INFO  [  restartedMain] egate$BeanPostProcessorChecker : Bean 'org.springframework.security.config.annotation.configuration.ObjectPostProcessorConfiguration' of type [org.springframework.security.config.annotation.configuration.ObjectPostProcessorConfiguration$$EnhancerBySpringCGLIB$$70295331] is not eligible for getting processed by all BeanPostProcessors (for example: not eligible for auto-proxying)
2018-11-09 10:11:40.096 - INFO  [  restartedMain] egate$BeanPostProcessorChecker : Bean 'objectPostProcessor' of type [org.springframework.security.config.annotation.configuration.AutowireBeanFactoryObjectPostProcessor] is not eligible for getting processed by all BeanPostProcessors (for example: not eligible for auto-proxying)
2018-11-09 10:11:40.101 - INFO  [  restartedMain] egate$BeanPostProcessorChecker : Bean 'org.springframework.security.access.expression.method.DefaultMethodSecurityExpressionHandler@7c7bdadc' of type [org.springframework.security.access.expression.method.DefaultMethodSecurityExpressionHandler] is not eligible for getting processed by all BeanPostProcessors (for example: not eligible for auto-proxying)
2018-11-09 10:11:40.106 - INFO  [  restartedMain] egate$BeanPostProcessorChecker : Bean 'org.springframework.security.config.annotation.method.configuration.GlobalMethodSecurityConfiguration' of type [org.springframework.security.config.annotation.method.configuration.GlobalMethodSecurityConfiguration$$EnhancerBySpringCGLIB$$94fdf5e3] is not eligible for getting processed by all BeanPostProcessors (for example: not eligible for auto-proxying)
2018-11-09 10:11:40.111 - INFO  [  restartedMain] egate$BeanPostProcessorChecker : Bean 'methodSecurityMetadataSource' of type [org.springframework.security.access.method.DelegatingMethodSecurityMetadataSource] is not eligible for getting processed by all BeanPostProcessors (for example: not eligible for auto-proxying)
2018-11-09 10:11:40.308 - INFO  [  restartedMain] o.s.b.w.e.t.TomcatWebServer    : Tomcat initialized with port(s): 8080 (http)
2018-11-09 10:11:40.311 - INFO  [  restartedMain] o.a.j.l.DirectJDKLog           : Initializing ProtocolHandler ["http-nio-8080"]
2018-11-09 10:11:40.312 - INFO  [  restartedMain] o.a.j.l.DirectJDKLog           : Starting service [Tomcat]
2018-11-09 10:11:40.313 - INFO  [  restartedMain] o.a.j.l.DirectJDKLog           : Starting Servlet Engine: Apache Tomcat/8.5.31
2018-11-09 10:11:40.339 - INFO  [ost-startStop-1] o.a.j.l.DirectJDKLog           : Initializing Spring embedded WebApplicationContext
2018-11-09 10:11:40.340 - INFO  [ost-startStop-1] letWebServerApplicationContext : Root WebApplicationContext: initialization completed in 1917 ms
2018-11-09 10:11:45.712 - INFO  [ost-startStop-1] c.a.d.p.DruidDataSource        : {dataSource-2} inited
2018-11-09 10:11:45.725 - INFO  [ost-startStop-1] tainerEntityManagerFactoryBean : Building JPA container EntityManagerFactory for persistence unit 'default'
2018-11-09 10:11:45.726 - INFO  [ost-startStop-1] o.h.j.i.u.LogHelper            : HHH000204: Processing PersistenceUnitInfo [
	name: default
	...]
2018-11-09 10:11:45.740 - INFO  [ost-startStop-1] o.h.d.Dialect                  : HHH000400: Using dialect: org.hibernate.dialect.MySQL5Dialect
2018-11-09 10:11:45.885 - INFO  [ost-startStop-1] stractEntityManagerFactoryBean : Initialized JPA EntityManagerFactory for persistence unit 'default'
2018-11-09 10:11:46.227 - INFO  [ost-startStop-1] AbstractFilterRegistrationBean : Mapping filter: 'characterEncodingFilter' to: [/*]
2018-11-09 10:11:46.227 - INFO  [ost-startStop-1] AbstractFilterRegistrationBean : Mapping filter: 'hiddenHttpMethodFilter' to: [/*]
2018-11-09 10:11:46.227 - INFO  [ost-startStop-1] AbstractFilterRegistrationBean : Mapping filter: 'httpPutFormContentFilter' to: [/*]
2018-11-09 10:11:46.227 - INFO  [ost-startStop-1] AbstractFilterRegistrationBean : Mapping filter: 'requestContextFilter' to: [/*]
2018-11-09 10:11:46.227 - INFO  [ost-startStop-1] AbstractFilterRegistrationBean : Mapping filter: 'springSecurityFilterChain' to: [/*]
2018-11-09 10:11:46.228 - INFO  [ost-startStop-1] AbstractFilterRegistrationBean : Mapping filter: 'webStatFilter' to urls: [/*]
2018-11-09 10:11:46.228 - INFO  [ost-startStop-1] AbstractFilterRegistrationBean : Mapping filter: 'jwtAuthenticationTokenFilter' to: [/*]
2018-11-09 10:11:46.228 - INFO  [ost-startStop-1] AbstractFilterRegistrationBean : Mapping filter: 'authenticationTokenFilterBean' to: [/*]
2018-11-09 10:11:46.229 - INFO  [ost-startStop-1] .b.w.s.ServletRegistrationBean : Servlet statViewServlet mapped to [/druid/*]
2018-11-09 10:11:46.230 - INFO  [ost-startStop-1] .b.w.s.ServletRegistrationBean : Servlet dispatcherServlet mapped to [/]
2018-11-09 10:11:46.356 - INFO  [  restartedMain] s.w.DefaultSecurityFilterChain : Creating filter chain: org.springframework.security.web.util.matcher.AnyRequestMatcher@1, [org.springframework.security.web.context.request.async.WebAsyncManagerIntegrationFilter@1deaf5fb, org.springframework.security.web.context.SecurityContextPersistenceFilter@705c1e62, org.springframework.security.web.header.HeaderWriterFilter@593d48ae, org.springframework.security.web.authentication.logout.LogoutFilter@110b8d2c, linghu.filter.JwtAuthenticationTokenFilter@78f9063f, org.springframework.security.web.savedrequest.RequestCacheAwareFilter@9af456, org.springframework.security.web.servletapi.SecurityContextHolderAwareRequestFilter@33d1b4d3, org.springframework.security.web.authentication.AnonymousAuthenticationFilter@38f3123b, org.springframework.security.web.session.SessionManagementFilter@3442d742, org.springframework.security.web.access.ExceptionTranslationFilter@79612afd, org.springframework.security.web.access.intercept.FilterSecurityInterceptor@1aa24a4d]
2018-11-09 10:11:46.393 - INFO  [  restartedMain] .s.h.AbstractUrlHandlerMapping : Mapped URL path [/**/favicon.ico] onto handler of type [class org.springframework.web.servlet.resource.ResourceHttpRequestHandler]
2018-11-09 10:11:46.518 - INFO  [  restartedMain] a.RequestMappingHandlerAdapter : Looking for @ControllerAdvice: org.springframework.boot.web.servlet.context.AnnotationConfigServletWebServerApplicationContext@518fa06: startup date [Fri Nov 09 10:11:38 CST 2018]; root of context hierarchy
2018-11-09 10:11:46.529 - WARN  [  restartedMain] uration$JpaWebMvcConfiguration : spring.jpa.open-in-view is enabled by default. Therefore, database queries may be performed during view rendering. Explicitly configure spring.jpa.open-in-view to disable this warning
2018-11-09 10:11:46.544 - INFO  [  restartedMain] rMethodMapping$MappingRegistry : Mapped "{[/auth/register],methods=[POST]}" onto public linghu.entity.User linghu.controller.AuthController.register(linghu.entity.User) throws org.springframework.security.core.AuthenticationException
2018-11-09 10:11:46.545 - INFO  [  restartedMain] rMethodMapping$MappingRegistry : Mapped "{[/auth],methods=[POST]}" onto public org.springframework.http.ResponseEntity<?> linghu.controller.AuthController.createAuthenticationToken(linghu.dto.JwtAuthenticationRequest) throws org.springframework.security.core.AuthenticationException
2018-11-09 10:11:46.545 - INFO  [  restartedMain] rMethodMapping$MappingRegistry : Mapped "{[/refresh],methods=[GET]}" onto public org.springframework.http.ResponseEntity<?> linghu.controller.AuthController.refreshAndGetAuthenticationToken(javax.servlet.http.HttpServletRequest) throws org.springframework.security.core.AuthenticationException
2018-11-09 10:11:46.546 - INFO  [  restartedMain] rMethodMapping$MappingRegistry : Mapped "{[/],methods=[GET]}" onto public java.lang.String linghu.controller.HomeController.index()
2018-11-09 10:11:46.547 - INFO  [  restartedMain] rMethodMapping$MappingRegistry : Mapped "{[/private],methods=[GET]}" onto public java.lang.String linghu.controller.HomeController.privateArea()
2018-11-09 10:11:46.549 - INFO  [  restartedMain] rMethodMapping$MappingRegistry : Mapped "{[/user]}" onto public java.security.Principal linghu.controller.HomeController.user(java.security.Principal)
2018-11-09 10:11:46.555 - INFO  [  restartedMain] rMethodMapping$MappingRegistry : Mapped "{[/error]}" onto public org.springframework.http.ResponseEntity<java.util.Map<java.lang.String, java.lang.Object>> org.springframework.boot.autoconfigure.web.servlet.error.BasicErrorController.error(javax.servlet.http.HttpServletRequest)
2018-11-09 10:11:46.556 - INFO  [  restartedMain] rMethodMapping$MappingRegistry : Mapped "{[/error],produces=[text/html]}" onto public org.springframework.web.servlet.ModelAndView org.springframework.boot.autoconfigure.web.servlet.error.BasicErrorController.errorHtml(javax.servlet.http.HttpServletRequest,javax.servlet.http.HttpServletResponse)
2018-11-09 10:11:46.579 - INFO  [  restartedMain] .s.h.AbstractUrlHandlerMapping : Mapped URL path [/webjars/**] onto handler of type [class org.springframework.web.servlet.resource.ResourceHttpRequestHandler]
2018-11-09 10:11:46.580 - INFO  [  restartedMain] .s.h.AbstractUrlHandlerMapping : Mapped URL path [/**] onto handler of type [class org.springframework.web.servlet.resource.ResourceHttpRequestHandler]
2018-11-09 10:11:46.684 - INFO  [  restartedMain] b.d.a.OptionalLiveReloadServer : LiveReload server is running on port 35729
2018-11-09 10:11:46.711 - INFO  [  restartedMain] o.s.j.e.MBeanExporter          : Registering beans for JMX exposure on startup
2018-11-09 10:11:46.712 - INFO  [  restartedMain] o.s.j.e.MBeanExporter          : Bean with name 'dataSource' has been autodetected for JMX exposure
2018-11-09 10:11:46.717 - INFO  [  restartedMain] o.s.j.e.MBeanExporter          : Located MBean 'dataSource': registering with JMX server as MBean [com.alibaba.druid.pool:name=dataSource,type=DruidDataSource]
2018-11-09 10:11:46.724 - INFO  [  restartedMain] o.a.j.l.DirectJDKLog           : Starting ProtocolHandler ["http-nio-8080"]
2018-11-09 10:11:46.725 - INFO  [  restartedMain] o.a.j.l.DirectJDKLog           : Using a shared selector for servlet write/read
2018-11-09 10:11:46.730 - INFO  [  restartedMain] o.s.b.w.e.t.TomcatWebServer    : Tomcat started on port(s): 8080 (http) with context path ''
2018-11-09 10:11:46.732 - INFO  [  restartedMain] o.s.b.StartupInfoLogger        : Started Application in 8.505 seconds (JVM running for 72.625)
2018-11-09 10:11:46.740 - INFO  [  restartedMain] EvaluationDeltaLoggingListener : Condition evaluation unchanged
2018-11-09 10:11:50.659 - INFO  [nio-8080-exec-1] o.a.j.l.DirectJDKLog           : Initializing Spring FrameworkServlet 'dispatcherServlet'
2018-11-09 10:11:50.660 - INFO  [nio-8080-exec-1] o.s.w.s.FrameworkServlet       : FrameworkServlet 'dispatcherServlet': initialization started
2018-11-09 10:11:50.665 - INFO  [nio-8080-exec-1] o.s.w.s.FrameworkServlet       : FrameworkServlet 'dispatcherServlet': initialization completed in 5 ms
2018-11-09 10:12:22.825 - INFO  [      Thread-10] c.s.AbstractApplicationContext : Closing org.springframework.boot.web.servlet.context.AnnotationConfigServletWebServerApplicationContext@518fa06: startup date [Fri Nov 09 10:11:38 CST 2018]; root of context hierarchy
2018-11-09 10:12:22.832 - INFO  [      Thread-10] o.s.j.e.MBeanExporter          : Unregistering JMX-exposed beans on shutdown
2018-11-09 10:12:22.833 - INFO  [      Thread-10] s.j.s.MBeanRegistrationSupport : Unregistering JMX-exposed beans
2018-11-09 10:12:22.834 - INFO  [      Thread-10] stractEntityManagerFactoryBean : Closing JPA EntityManagerFactory for persistence unit 'default'
2018-11-09 10:12:22.849 - INFO  [      Thread-10] c.a.d.p.DruidDataSource        : {dataSource-2} closed
2018-11-09 10:12:23.485 - INFO  [  restartedMain] o.s.b.StartupInfoLogger        : Starting Application on jiangzhengdeMBP with PID 3366 (/Users/jiangzheng/Documents/Github/linghu-framework/webapi/target/classes started by jiangzheng in /Users/jiangzheng/Documents/Github/linghu-framework)
2018-11-09 10:12:23.486 - INFO  [  restartedMain] o.s.b.SpringApplication        : The following profiles are active: dev
2018-11-09 10:12:23.491 - INFO  [  restartedMain] c.s.AbstractApplicationContext : Refreshing org.springframework.boot.web.servlet.context.AnnotationConfigServletWebServerApplicationContext@6a9e645f: startup date [Fri Nov 09 10:12:23 CST 2018]; root of context hierarchy
2018-11-09 10:12:24.699 - INFO  [  restartedMain] egate$BeanPostProcessorChecker : Bean 'org.springframework.transaction.annotation.ProxyTransactionManagementConfiguration' of type [org.springframework.transaction.annotation.ProxyTransactionManagementConfiguration$$EnhancerBySpringCGLIB$$d77b8af7] is not eligible for getting processed by all BeanPostProcessors (for example: not eligible for auto-proxying)
2018-11-09 10:12:24.704 - INFO  [  restartedMain] egate$BeanPostProcessorChecker : Bean 'org.springframework.security.config.annotation.configuration.ObjectPostProcessorConfiguration' of type [org.springframework.security.config.annotation.configuration.ObjectPostProcessorConfiguration$$EnhancerBySpringCGLIB$$70295331] is not eligible for getting processed by all BeanPostProcessors (for example: not eligible for auto-proxying)
2018-11-09 10:12:24.706 - INFO  [  restartedMain] egate$BeanPostProcessorChecker : Bean 'objectPostProcessor' of type [org.springframework.security.config.annotation.configuration.AutowireBeanFactoryObjectPostProcessor] is not eligible for getting processed by all BeanPostProcessors (for example: not eligible for auto-proxying)
2018-11-09 10:12:24.708 - INFO  [  restartedMain] egate$BeanPostProcessorChecker : Bean 'org.springframework.security.access.expression.method.DefaultMethodSecurityExpressionHandler@9ca7ec8' of type [org.springframework.security.access.expression.method.DefaultMethodSecurityExpressionHandler] is not eligible for getting processed by all BeanPostProcessors (for example: not eligible for auto-proxying)
2018-11-09 10:12:24.711 - INFO  [  restartedMain] egate$BeanPostProcessorChecker : Bean 'org.springframework.security.config.annotation.method.configuration.GlobalMethodSecurityConfiguration' of type [org.springframework.security.config.annotation.method.configuration.GlobalMethodSecurityConfiguration$$EnhancerBySpringCGLIB$$94fdf5e3] is not eligible for getting processed by all BeanPostProcessors (for example: not eligible for auto-proxying)
2018-11-09 10:12:24.712 - INFO  [  restartedMain] egate$BeanPostProcessorChecker : Bean 'methodSecurityMetadataSource' of type [org.springframework.security.access.method.DelegatingMethodSecurityMetadataSource] is not eligible for getting processed by all BeanPostProcessors (for example: not eligible for auto-proxying)
2018-11-09 10:12:24.795 - INFO  [  restartedMain] o.s.b.w.e.t.TomcatWebServer    : Tomcat initialized with port(s): 8080 (http)
2018-11-09 10:12:24.797 - INFO  [  restartedMain] o.a.j.l.DirectJDKLog           : Initializing ProtocolHandler ["http-nio-8080"]
2018-11-09 10:12:24.797 - INFO  [  restartedMain] o.a.j.l.DirectJDKLog           : Starting service [Tomcat]
2018-11-09 10:12:24.798 - INFO  [  restartedMain] o.a.j.l.DirectJDKLog           : Starting Servlet Engine: Apache Tomcat/8.5.31
2018-11-09 10:12:24.814 - INFO  [ost-startStop-1] o.a.j.l.DirectJDKLog           : Initializing Spring embedded WebApplicationContext
2018-11-09 10:12:24.814 - INFO  [ost-startStop-1] letWebServerApplicationContext : Root WebApplicationContext: initialization completed in 1323 ms
2018-11-09 10:12:26.595 - INFO  [ost-startStop-1] c.a.d.p.DruidDataSource        : {dataSource-3} inited
2018-11-09 10:12:26.606 - INFO  [ost-startStop-1] tainerEntityManagerFactoryBean : Building JPA container EntityManagerFactory for persistence unit 'default'
2018-11-09 10:12:26.606 - INFO  [ost-startStop-1] o.h.j.i.u.LogHelper            : HHH000204: Processing PersistenceUnitInfo [
	name: default
	...]
2018-11-09 10:12:26.617 - INFO  [ost-startStop-1] o.h.d.Dialect                  : HHH000400: Using dialect: org.hibernate.dialect.MySQL5Dialect
2018-11-09 10:12:26.671 - INFO  [ost-startStop-1] stractEntityManagerFactoryBean : Initialized JPA EntityManagerFactory for persistence unit 'default'
2018-11-09 10:12:26.903 - INFO  [ost-startStop-1] AbstractFilterRegistrationBean : Mapping filter: 'characterEncodingFilter' to: [/*]
2018-11-09 10:12:26.904 - INFO  [ost-startStop-1] AbstractFilterRegistrationBean : Mapping filter: 'hiddenHttpMethodFilter' to: [/*]
2018-11-09 10:12:26.905 - INFO  [ost-startStop-1] AbstractFilterRegistrationBean : Mapping filter: 'httpPutFormContentFilter' to: [/*]
2018-11-09 10:12:26.908 - INFO  [ost-startStop-1] AbstractFilterRegistrationBean : Mapping filter: 'requestContextFilter' to: [/*]
2018-11-09 10:12:26.909 - INFO  [ost-startStop-1] AbstractFilterRegistrationBean : Mapping filter: 'springSecurityFilterChain' to: [/*]
2018-11-09 10:12:26.909 - INFO  [ost-startStop-1] AbstractFilterRegistrationBean : Mapping filter: 'webStatFilter' to urls: [/*]
2018-11-09 10:12:26.910 - INFO  [ost-startStop-1] AbstractFilterRegistrationBean : Mapping filter: 'jwtAuthenticationTokenFilter' to: [/*]
2018-11-09 10:12:26.910 - INFO  [ost-startStop-1] AbstractFilterRegistrationBean : Mapping filter: 'authenticationTokenFilterBean' to: [/*]
2018-11-09 10:12:26.910 - INFO  [ost-startStop-1] .b.w.s.ServletRegistrationBean : Servlet statViewServlet mapped to [/druid/*]
2018-11-09 10:12:26.911 - INFO  [ost-startStop-1] .b.w.s.ServletRegistrationBean : Servlet dispatcherServlet mapped to [/]
2018-11-09 10:12:27.025 - INFO  [  restartedMain] s.w.DefaultSecurityFilterChain : Creating filter chain: org.springframework.security.web.util.matcher.AnyRequestMatcher@1, [org.springframework.security.web.context.request.async.WebAsyncManagerIntegrationFilter@517acb12, org.springframework.security.web.context.SecurityContextPersistenceFilter@2fcd25a8, org.springframework.security.web.header.HeaderWriterFilter@1bec3567, org.springframework.security.web.authentication.logout.LogoutFilter@744585e7, linghu.filter.JwtAuthenticationTokenFilter@23091a0f, org.springframework.security.web.savedrequest.RequestCacheAwareFilter@299a43a6, org.springframework.security.web.servletapi.SecurityContextHolderAwareRequestFilter@53270cff, org.springframework.security.web.authentication.AnonymousAuthenticationFilter@63c2f2bb, org.springframework.security.web.session.SessionManagementFilter@7f4062a, org.springframework.security.web.access.ExceptionTranslationFilter@3e871ac5, org.springframework.security.web.access.intercept.FilterSecurityInterceptor@4b14f277]
2018-11-09 10:12:27.049 - INFO  [  restartedMain] .s.h.AbstractUrlHandlerMapping : Mapped URL path [/**/favicon.ico] onto handler of type [class org.springframework.web.servlet.resource.ResourceHttpRequestHandler]
2018-11-09 10:12:27.110 - INFO  [  restartedMain] a.RequestMappingHandlerAdapter : Looking for @ControllerAdvice: org.springframework.boot.web.servlet.context.AnnotationConfigServletWebServerApplicationContext@6a9e645f: startup date [Fri Nov 09 10:12:23 CST 2018]; root of context hierarchy
2018-11-09 10:12:27.118 - WARN  [  restartedMain] uration$JpaWebMvcConfiguration : spring.jpa.open-in-view is enabled by default. Therefore, database queries may be performed during view rendering. Explicitly configure spring.jpa.open-in-view to disable this warning
2018-11-09 10:12:27.137 - INFO  [  restartedMain] rMethodMapping$MappingRegistry : Mapped "{[/auth/register],methods=[POST]}" onto public linghu.entity.User linghu.controller.AuthController.register(linghu.entity.User) throws org.springframework.security.core.AuthenticationException
2018-11-09 10:12:27.137 - INFO  [  restartedMain] rMethodMapping$MappingRegistry : Mapped "{[/auth],methods=[POST]}" onto public org.springframework.http.ResponseEntity<?> linghu.controller.AuthController.createAuthenticationToken(linghu.dto.JwtAuthenticationRequest) throws org.springframework.security.core.AuthenticationException
2018-11-09 10:12:27.138 - INFO  [  restartedMain] rMethodMapping$MappingRegistry : Mapped "{[/refresh],methods=[GET]}" onto public org.springframework.http.ResponseEntity<?> linghu.controller.AuthController.refreshAndGetAuthenticationToken(javax.servlet.http.HttpServletRequest) throws org.springframework.security.core.AuthenticationException
2018-11-09 10:12:27.141 - INFO  [  restartedMain] rMethodMapping$MappingRegistry : Mapped "{[/],methods=[GET]}" onto public java.lang.String linghu.controller.HomeController.index()
2018-11-09 10:12:27.141 - INFO  [  restartedMain] rMethodMapping$MappingRegistry : Mapped "{[/private],methods=[GET]}" onto public java.lang.String linghu.controller.HomeController.privateArea()
2018-11-09 10:12:27.142 - INFO  [  restartedMain] rMethodMapping$MappingRegistry : Mapped "{[/user]}" onto public java.security.Principal linghu.controller.HomeController.user(java.security.Principal)
2018-11-09 10:12:27.147 - INFO  [  restartedMain] rMethodMapping$MappingRegistry : Mapped "{[/error]}" onto public org.springframework.http.ResponseEntity<java.util.Map<java.lang.String, java.lang.Object>> org.springframework.boot.autoconfigure.web.servlet.error.BasicErrorController.error(javax.servlet.http.HttpServletRequest)
2018-11-09 10:12:27.149 - INFO  [  restartedMain] rMethodMapping$MappingRegistry : Mapped "{[/error],produces=[text/html]}" onto public org.springframework.web.servlet.ModelAndView org.springframework.boot.autoconfigure.web.servlet.error.BasicErrorController.errorHtml(javax.servlet.http.HttpServletRequest,javax.servlet.http.HttpServletResponse)
2018-11-09 10:12:27.172 - INFO  [  restartedMain] .s.h.AbstractUrlHandlerMapping : Mapped URL path [/webjars/**] onto handler of type [class org.springframework.web.servlet.resource.ResourceHttpRequestHandler]
2018-11-09 10:12:27.173 - INFO  [  restartedMain] .s.h.AbstractUrlHandlerMapping : Mapped URL path [/**] onto handler of type [class org.springframework.web.servlet.resource.ResourceHttpRequestHandler]
2018-11-09 10:12:27.301 - INFO  [  restartedMain] b.d.a.OptionalLiveReloadServer : LiveReload server is running on port 35729
2018-11-09 10:12:27.324 - INFO  [  restartedMain] o.s.j.e.MBeanExporter          : Registering beans for JMX exposure on startup
2018-11-09 10:12:27.325 - INFO  [  restartedMain] o.s.j.e.MBeanExporter          : Bean with name 'dataSource' has been autodetected for JMX exposure
2018-11-09 10:12:27.331 - INFO  [  restartedMain] o.s.j.e.MBeanExporter          : Located MBean 'dataSource': registering with JMX server as MBean [com.alibaba.druid.pool:name=dataSource,type=DruidDataSource]
2018-11-09 10:12:27.345 - INFO  [  restartedMain] o.a.j.l.DirectJDKLog           : Starting ProtocolHandler ["http-nio-8080"]
2018-11-09 10:12:27.345 - INFO  [  restartedMain] o.a.j.l.DirectJDKLog           : Using a shared selector for servlet write/read
2018-11-09 10:12:27.350 - INFO  [  restartedMain] o.s.b.w.e.t.TomcatWebServer    : Tomcat started on port(s): 8080 (http) with context path ''
2018-11-09 10:12:27.351 - INFO  [  restartedMain] o.s.b.StartupInfoLogger        : Started Application in 3.994 seconds (JVM running for 113.242)
2018-11-09 10:12:27.357 - INFO  [  restartedMain] EvaluationDeltaLoggingListener : Condition evaluation unchanged
2018-11-09 10:12:32.131 - INFO  [nio-8080-exec-1] o.a.j.l.DirectJDKLog           : Initializing Spring FrameworkServlet 'dispatcherServlet'
2018-11-09 10:12:32.131 - INFO  [nio-8080-exec-1] o.s.w.s.FrameworkServlet       : FrameworkServlet 'dispatcherServlet': initialization started
2018-11-09 10:12:32.134 - INFO  [nio-8080-exec-1] o.s.w.s.FrameworkServlet       : FrameworkServlet 'dispatcherServlet': initialization completed in 3 ms
2018-11-09 10:13:04.056 - INFO  [      Thread-16] c.s.AbstractApplicationContext : Closing org.springframework.boot.web.servlet.context.AnnotationConfigServletWebServerApplicationContext@6a9e645f: startup date [Fri Nov 09 10:12:23 CST 2018]; root of context hierarchy
2018-11-09 10:13:04.058 - INFO  [      Thread-16] o.s.j.e.MBeanExporter          : Unregistering JMX-exposed beans on shutdown
2018-11-09 10:13:04.059 - INFO  [      Thread-16] s.j.s.MBeanRegistrationSupport : Unregistering JMX-exposed beans
2018-11-09 10:13:04.060 - INFO  [      Thread-16] stractEntityManagerFactoryBean : Closing JPA EntityManagerFactory for persistence unit 'default'
2018-11-09 10:13:04.064 - INFO  [      Thread-16] c.a.d.p.DruidDataSource        : {dataSource-3} closed
2018-11-09 10:13:04.811 - INFO  [  restartedMain] o.s.b.StartupInfoLogger        : Starting Application on jiangzhengdeMBP with PID 3366 (/Users/jiangzheng/Documents/Github/linghu-framework/webapi/target/classes started by jiangzheng in /Users/jiangzheng/Documents/Github/linghu-framework)
2018-11-09 10:13:04.813 - INFO  [  restartedMain] o.s.b.SpringApplication        : The following profiles are active: dev
2018-11-09 10:13:04.829 - INFO  [  restartedMain] c.s.AbstractApplicationContext : Refreshing org.springframework.boot.web.servlet.context.AnnotationConfigServletWebServerApplicationContext@6713e96c: startup date [Fri Nov 09 10:13:04 CST 2018]; root of context hierarchy
2018-11-09 10:13:06.067 - INFO  [  restartedMain] egate$BeanPostProcessorChecker : Bean 'org.springframework.transaction.annotation.ProxyTransactionManagementConfiguration' of type [org.springframework.transaction.annotation.ProxyTransactionManagementConfiguration$$EnhancerBySpringCGLIB$$d77b8af7] is not eligible for getting processed by all BeanPostProcessors (for example: not eligible for auto-proxying)
2018-11-09 10:13:06.079 - INFO  [  restartedMain] egate$BeanPostProcessorChecker : Bean 'org.springframework.security.config.annotation.configuration.ObjectPostProcessorConfiguration' of type [org.springframework.security.config.annotation.configuration.ObjectPostProcessorConfiguration$$EnhancerBySpringCGLIB$$70295331] is not eligible for getting processed by all BeanPostProcessors (for example: not eligible for auto-proxying)
2018-11-09 10:13:06.081 - INFO  [  restartedMain] egate$BeanPostProcessorChecker : Bean 'objectPostProcessor' of type [org.springframework.security.config.annotation.configuration.AutowireBeanFactoryObjectPostProcessor] is not eligible for getting processed by all BeanPostProcessors (for example: not eligible for auto-proxying)
2018-11-09 10:13:06.082 - INFO  [  restartedMain] egate$BeanPostProcessorChecker : Bean 'org.springframework.security.access.expression.method.DefaultMethodSecurityExpressionHandler@3e7db43d' of type [org.springframework.security.access.expression.method.DefaultMethodSecurityExpressionHandler] is not eligible for getting processed by all BeanPostProcessors (for example: not eligible for auto-proxying)
2018-11-09 10:13:06.087 - INFO  [  restartedMain] egate$BeanPostProcessorChecker : Bean 'org.springframework.security.config.annotation.method.configuration.GlobalMethodSecurityConfiguration' of type [org.springframework.security.config.annotation.method.configuration.GlobalMethodSecurityConfiguration$$EnhancerBySpringCGLIB$$94fdf5e3] is not eligible for getting processed by all BeanPostProcessors (for example: not eligible for auto-proxying)
2018-11-09 10:13:06.089 - INFO  [  restartedMain] egate$BeanPostProcessorChecker : Bean 'methodSecurityMetadataSource' of type [org.springframework.security.access.method.DelegatingMethodSecurityMetadataSource] is not eligible for getting processed by all BeanPostProcessors (for example: not eligible for auto-proxying)
2018-11-09 10:13:06.447 - INFO  [  restartedMain] o.s.b.w.e.t.TomcatWebServer    : Tomcat initialized with port(s): 8080 (http)
2018-11-09 10:13:06.449 - INFO  [  restartedMain] o.a.j.l.DirectJDKLog           : Initializing ProtocolHandler ["http-nio-8080"]
2018-11-09 10:13:06.450 - INFO  [  restartedMain] o.a.j.l.DirectJDKLog           : Starting service [Tomcat]
2018-11-09 10:13:06.451 - INFO  [  restartedMain] o.a.j.l.DirectJDKLog           : Starting Servlet Engine: Apache Tomcat/8.5.31
2018-11-09 10:13:06.466 - INFO  [ost-startStop-1] o.a.j.l.DirectJDKLog           : Initializing Spring embedded WebApplicationContext
2018-11-09 10:13:06.467 - INFO  [ost-startStop-1] letWebServerApplicationContext : Root WebApplicationContext: initialization completed in 1638 ms
2018-11-09 10:13:08.459 - INFO  [ost-startStop-1] c.a.d.p.DruidDataSource        : {dataSource-4} inited
2018-11-09 10:13:08.486 - INFO  [ost-startStop-1] tainerEntityManagerFactoryBean : Building JPA container EntityManagerFactory for persistence unit 'default'
2018-11-09 10:13:08.487 - INFO  [ost-startStop-1] o.h.j.i.u.LogHelper            : HHH000204: Processing PersistenceUnitInfo [
	name: default
	...]
2018-11-09 10:13:08.534 - INFO  [ost-startStop-1] o.h.d.Dialect                  : HHH000400: Using dialect: org.hibernate.dialect.MySQL5Dialect
2018-11-09 10:13:08.687 - INFO  [ost-startStop-1] stractEntityManagerFactoryBean : Initialized JPA EntityManagerFactory for persistence unit 'default'
2018-11-09 10:13:09.196 - INFO  [ost-startStop-1] AbstractFilterRegistrationBean : Mapping filter: 'characterEncodingFilter' to: [/*]
2018-11-09 10:13:09.197 - INFO  [ost-startStop-1] AbstractFilterRegistrationBean : Mapping filter: 'hiddenHttpMethodFilter' to: [/*]
2018-11-09 10:13:09.197 - INFO  [ost-startStop-1] AbstractFilterRegistrationBean : Mapping filter: 'httpPutFormContentFilter' to: [/*]
2018-11-09 10:13:09.198 - INFO  [ost-startStop-1] AbstractFilterRegistrationBean : Mapping filter: 'requestContextFilter' to: [/*]
2018-11-09 10:13:09.199 - INFO  [ost-startStop-1] AbstractFilterRegistrationBean : Mapping filter: 'springSecurityFilterChain' to: [/*]
2018-11-09 10:13:09.199 - INFO  [ost-startStop-1] AbstractFilterRegistrationBean : Mapping filter: 'webStatFilter' to urls: [/*]
2018-11-09 10:13:09.200 - INFO  [ost-startStop-1] AbstractFilterRegistrationBean : Mapping filter: 'jwtAuthenticationTokenFilter' to: [/*]
2018-11-09 10:13:09.200 - INFO  [ost-startStop-1] AbstractFilterRegistrationBean : Mapping filter: 'authenticationTokenFilterBean' to: [/*]
2018-11-09 10:13:09.201 - INFO  [ost-startStop-1] .b.w.s.ServletRegistrationBean : Servlet statViewServlet mapped to [/druid/*]
2018-11-09 10:13:09.202 - INFO  [ost-startStop-1] .b.w.s.ServletRegistrationBean : Servlet dispatcherServlet mapped to [/]
2018-11-09 10:13:09.313 - INFO  [  restartedMain] s.w.DefaultSecurityFilterChain : Creating filter chain: org.springframework.security.web.util.matcher.AnyRequestMatcher@1, [org.springframework.security.web.context.request.async.WebAsyncManagerIntegrationFilter@2de2c490, org.springframework.security.web.context.SecurityContextPersistenceFilter@568b1a1d, org.springframework.security.web.header.HeaderWriterFilter@410c69d7, org.springframework.security.web.authentication.logout.LogoutFilter@48ca7ea1, linghu.filter.JwtAuthenticationTokenFilter@7ab25e7f, org.springframework.security.web.savedrequest.RequestCacheAwareFilter@3c9ea28d, org.springframework.security.web.servletapi.SecurityContextHolderAwareRequestFilter@1efe2618, org.springframework.security.web.authentication.AnonymousAuthenticationFilter@1d4722f3, org.springframework.security.web.session.SessionManagementFilter@306cd1cf, org.springframework.security.web.access.ExceptionTranslationFilter@73933d9c, org.springframework.security.web.access.intercept.FilterSecurityInterceptor@48593fa3]
2018-11-09 10:13:09.347 - INFO  [  restartedMain] .s.h.AbstractUrlHandlerMapping : Mapped URL path [/**/favicon.ico] onto handler of type [class org.springframework.web.servlet.resource.ResourceHttpRequestHandler]
2018-11-09 10:13:09.407 - INFO  [  restartedMain] a.RequestMappingHandlerAdapter : Looking for @ControllerAdvice: org.springframework.boot.web.servlet.context.AnnotationConfigServletWebServerApplicationContext@6713e96c: startup date [Fri Nov 09 10:13:04 CST 2018]; root of context hierarchy
2018-11-09 10:13:09.414 - WARN  [  restartedMain] uration$JpaWebMvcConfiguration : spring.jpa.open-in-view is enabled by default. Therefore, database queries may be performed during view rendering. Explicitly configure spring.jpa.open-in-view to disable this warning
2018-11-09 10:13:09.422 - INFO  [  restartedMain] rMethodMapping$MappingRegistry : Mapped "{[/auth/register],methods=[POST]}" onto public linghu.entity.User linghu.controller.AuthController.register(linghu.entity.User) throws org.springframework.security.core.AuthenticationException
2018-11-09 10:13:09.422 - INFO  [  restartedMain] rMethodMapping$MappingRegistry : Mapped "{[/auth],methods=[POST]}" onto public org.springframework.http.ResponseEntity<?> linghu.controller.AuthController.createAuthenticationToken(linghu.dto.JwtAuthenticationRequest) throws org.springframework.security.core.AuthenticationException
2018-11-09 10:13:09.423 - INFO  [  restartedMain] rMethodMapping$MappingRegistry : Mapped "{[/refresh],methods=[GET]}" onto public org.springframework.http.ResponseEntity<?> linghu.controller.AuthController.refreshAndGetAuthenticationToken(javax.servlet.http.HttpServletRequest) throws org.springframework.security.core.AuthenticationException
2018-11-09 10:13:09.425 - INFO  [  restartedMain] rMethodMapping$MappingRegistry : Mapped "{[/],methods=[GET]}" onto public java.lang.String linghu.controller.HomeController.index()
2018-11-09 10:13:09.425 - INFO  [  restartedMain] rMethodMapping$MappingRegistry : Mapped "{[/private],methods=[GET]}" onto public java.lang.String linghu.controller.HomeController.privateArea()
2018-11-09 10:13:09.426 - INFO  [  restartedMain] rMethodMapping$MappingRegistry : Mapped "{[/user]}" onto public java.security.Principal linghu.controller.HomeController.user(java.security.Principal)
2018-11-09 10:13:09.430 - INFO  [  restartedMain] rMethodMapping$MappingRegistry : Mapped "{[/error]}" onto public org.springframework.http.ResponseEntity<java.util.Map<java.lang.String, java.lang.Object>> org.springframework.boot.autoconfigure.web.servlet.error.BasicErrorController.error(javax.servlet.http.HttpServletRequest)
2018-11-09 10:13:09.431 - INFO  [  restartedMain] rMethodMapping$MappingRegistry : Mapped "{[/error],produces=[text/html]}" onto public org.springframework.web.servlet.ModelAndView org.springframework.boot.autoconfigure.web.servlet.error.BasicErrorController.errorHtml(javax.servlet.http.HttpServletRequest,javax.servlet.http.HttpServletResponse)
2018-11-09 10:13:09.454 - INFO  [  restartedMain] .s.h.AbstractUrlHandlerMapping : Mapped URL path [/webjars/**] onto handler of type [class org.springframework.web.servlet.resource.ResourceHttpRequestHandler]
2018-11-09 10:13:09.454 - INFO  [  restartedMain] .s.h.AbstractUrlHandlerMapping : Mapped URL path [/**] onto handler of type [class org.springframework.web.servlet.resource.ResourceHttpRequestHandler]
2018-11-09 10:13:09.571 - INFO  [  restartedMain] b.d.a.OptionalLiveReloadServer : LiveReload server is running on port 35729
2018-11-09 10:13:09.587 - INFO  [  restartedMain] o.s.j.e.MBeanExporter          : Registering beans for JMX exposure on startup
2018-11-09 10:13:09.588 - INFO  [  restartedMain] o.s.j.e.MBeanExporter          : Bean with name 'dataSource' has been autodetected for JMX exposure
2018-11-09 10:13:09.591 - INFO  [  restartedMain] o.s.j.e.MBeanExporter          : Located MBean 'dataSource': registering with JMX server as MBean [com.alibaba.druid.pool:name=dataSource,type=DruidDataSource]
2018-11-09 10:13:09.597 - INFO  [  restartedMain] o.a.j.l.DirectJDKLog           : Starting ProtocolHandler ["http-nio-8080"]
2018-11-09 10:13:09.598 - INFO  [  restartedMain] o.a.j.l.DirectJDKLog           : Using a shared selector for servlet write/read
2018-11-09 10:13:09.603 - INFO  [  restartedMain] o.s.b.w.e.t.TomcatWebServer    : Tomcat started on port(s): 8080 (http) with context path ''
2018-11-09 10:13:09.604 - INFO  [  restartedMain] o.s.b.StartupInfoLogger        : Started Application in 5.045 seconds (JVM running for 155.493)
2018-11-09 10:13:09.606 - INFO  [  restartedMain] EvaluationDeltaLoggingListener : Condition evaluation unchanged
2018-11-09 10:13:44.294 - INFO  [      Thread-22] c.s.AbstractApplicationContext : Closing org.springframework.boot.web.servlet.context.AnnotationConfigServletWebServerApplicationContext@6713e96c: startup date [Fri Nov 09 10:13:04 CST 2018]; root of context hierarchy
2018-11-09 10:13:44.298 - INFO  [      Thread-22] o.s.j.e.MBeanExporter          : Unregistering JMX-exposed beans on shutdown
2018-11-09 10:13:44.299 - INFO  [      Thread-22] s.j.s.MBeanRegistrationSupport : Unregistering JMX-exposed beans
2018-11-09 10:13:44.300 - INFO  [      Thread-22] stractEntityManagerFactoryBean : Closing JPA EntityManagerFactory for persistence unit 'default'
2018-11-09 10:13:44.304 - INFO  [      Thread-22] c.a.d.p.DruidDataSource        : {dataSource-4} closed
2018-11-09 10:13:44.769 - INFO  [  restartedMain] o.s.b.StartupInfoLogger        : Starting Application on jiangzhengdeMBP with PID 3366 (/Users/jiangzheng/Documents/Github/linghu-framework/webapi/target/classes started by jiangzheng in /Users/jiangzheng/Documents/Github/linghu-framework)
2018-11-09 10:13:44.769 - INFO  [  restartedMain] o.s.b.SpringApplication        : The following profiles are active: dev
2018-11-09 10:13:44.773 - INFO  [  restartedMain] c.s.AbstractApplicationContext : Refreshing org.springframework.boot.web.servlet.context.AnnotationConfigServletWebServerApplicationContext@126c090b: startup date [Fri Nov 09 10:13:44 CST 2018]; root of context hierarchy
2018-11-09 10:13:45.878 - INFO  [  restartedMain] egate$BeanPostProcessorChecker : Bean 'org.springframework.transaction.annotation.ProxyTransactionManagementConfiguration' of type [org.springframework.transaction.annotation.ProxyTransactionManagementConfiguration$$EnhancerBySpringCGLIB$$d77b8af7] is not eligible for getting processed by all BeanPostProcessors (for example: not eligible for auto-proxying)
2018-11-09 10:13:45.883 - INFO  [  restartedMain] egate$BeanPostProcessorChecker : Bean 'org.springframework.security.config.annotation.configuration.ObjectPostProcessorConfiguration' of type [org.springframework.security.config.annotation.configuration.ObjectPostProcessorConfiguration$$EnhancerBySpringCGLIB$$70295331] is not eligible for getting processed by all BeanPostProcessors (for example: not eligible for auto-proxying)
2018-11-09 10:13:45.884 - INFO  [  restartedMain] egate$BeanPostProcessorChecker : Bean 'objectPostProcessor' of type [org.springframework.security.config.annotation.configuration.AutowireBeanFactoryObjectPostProcessor] is not eligible for getting processed by all BeanPostProcessors (for example: not eligible for auto-proxying)
2018-11-09 10:13:45.885 - INFO  [  restartedMain] egate$BeanPostProcessorChecker : Bean 'org.springframework.security.access.expression.method.DefaultMethodSecurityExpressionHandler@515c8c46' of type [org.springframework.security.access.expression.method.DefaultMethodSecurityExpressionHandler] is not eligible for getting processed by all BeanPostProcessors (for example: not eligible for auto-proxying)
2018-11-09 10:13:45.888 - INFO  [  restartedMain] egate$BeanPostProcessorChecker : Bean 'org.springframework.security.config.annotation.method.configuration.GlobalMethodSecurityConfiguration' of type [org.springframework.security.config.annotation.method.configuration.GlobalMethodSecurityConfiguration$$EnhancerBySpringCGLIB$$94fdf5e3] is not eligible for getting processed by all BeanPostProcessors (for example: not eligible for auto-proxying)
2018-11-09 10:13:45.890 - INFO  [  restartedMain] egate$BeanPostProcessorChecker : Bean 'methodSecurityMetadataSource' of type [org.springframework.security.access.method.DelegatingMethodSecurityMetadataSource] is not eligible for getting processed by all BeanPostProcessors (for example: not eligible for auto-proxying)
2018-11-09 10:13:45.957 - INFO  [  restartedMain] o.s.b.w.e.t.TomcatWebServer    : Tomcat initialized with port(s): 8080 (http)
2018-11-09 10:13:45.958 - INFO  [  restartedMain] o.a.j.l.DirectJDKLog           : Initializing ProtocolHandler ["http-nio-8080"]
2018-11-09 10:13:45.959 - INFO  [  restartedMain] o.a.j.l.DirectJDKLog           : Starting service [Tomcat]
2018-11-09 10:13:45.959 - INFO  [  restartedMain] o.a.j.l.DirectJDKLog           : Starting Servlet Engine: Apache Tomcat/8.5.31
2018-11-09 10:13:45.974 - INFO  [ost-startStop-1] o.a.j.l.DirectJDKLog           : Initializing Spring embedded WebApplicationContext
2018-11-09 10:13:45.974 - INFO  [ost-startStop-1] letWebServerApplicationContext : Root WebApplicationContext: initialization completed in 1201 ms
2018-11-09 10:13:49.505 - INFO  [ost-startStop-1] c.a.d.p.DruidDataSource        : {dataSource-5} inited
2018-11-09 10:13:49.534 - INFO  [ost-startStop-1] tainerEntityManagerFactoryBean : Building JPA container EntityManagerFactory for persistence unit 'default'
2018-11-09 10:13:49.534 - INFO  [ost-startStop-1] o.h.j.i.u.LogHelper            : HHH000204: Processing PersistenceUnitInfo [
	name: default
	...]
2018-11-09 10:13:49.550 - INFO  [ost-startStop-1] o.h.d.Dialect                  : HHH000400: Using dialect: org.hibernate.dialect.MySQL5Dialect
2018-11-09 10:13:49.652 - INFO  [ost-startStop-1] stractEntityManagerFactoryBean : Initialized JPA EntityManagerFactory for persistence unit 'default'
2018-11-09 10:13:50.096 - INFO  [ost-startStop-1] AbstractFilterRegistrationBean : Mapping filter: 'characterEncodingFilter' to: [/*]
2018-11-09 10:13:50.096 - INFO  [ost-startStop-1] AbstractFilterRegistrationBean : Mapping filter: 'hiddenHttpMethodFilter' to: [/*]
2018-11-09 10:13:50.097 - INFO  [ost-startStop-1] AbstractFilterRegistrationBean : Mapping filter: 'httpPutFormContentFilter' to: [/*]
2018-11-09 10:13:50.097 - INFO  [ost-startStop-1] AbstractFilterRegistrationBean : Mapping filter: 'requestContextFilter' to: [/*]
2018-11-09 10:13:50.097 - INFO  [ost-startStop-1] AbstractFilterRegistrationBean : Mapping filter: 'springSecurityFilterChain' to: [/*]
2018-11-09 10:13:50.097 - INFO  [ost-startStop-1] AbstractFilterRegistrationBean : Mapping filter: 'webStatFilter' to urls: [/*]
2018-11-09 10:13:50.098 - INFO  [ost-startStop-1] AbstractFilterRegistrationBean : Mapping filter: 'jwtAuthenticationTokenFilter' to: [/*]
2018-11-09 10:13:50.098 - INFO  [ost-startStop-1] AbstractFilterRegistrationBean : Mapping filter: 'authenticationTokenFilterBean' to: [/*]
2018-11-09 10:13:50.098 - INFO  [ost-startStop-1] .b.w.s.ServletRegistrationBean : Servlet statViewServlet mapped to [/druid/*]
2018-11-09 10:13:50.099 - INFO  [ost-startStop-1] .b.w.s.ServletRegistrationBean : Servlet dispatcherServlet mapped to [/]
2018-11-09 10:13:50.209 - INFO  [  restartedMain] s.w.DefaultSecurityFilterChain : Creating filter chain: org.springframework.security.web.util.matcher.AnyRequestMatcher@1, [org.springframework.security.web.context.request.async.WebAsyncManagerIntegrationFilter@6553c983, org.springframework.security.web.context.SecurityContextPersistenceFilter@5c5a82a0, org.springframework.security.web.header.HeaderWriterFilter@63d9558f, org.springframework.security.web.authentication.logout.LogoutFilter@537b154b, linghu.filter.JwtAuthenticationTokenFilter@278ab95f, org.springframework.security.web.savedrequest.RequestCacheAwareFilter@227dea87, org.springframework.security.web.servletapi.SecurityContextHolderAwareRequestFilter@ba1a66a, org.springframework.security.web.authentication.AnonymousAuthenticationFilter@278d92f, org.springframework.security.web.session.SessionManagementFilter@74c598e5, org.springframework.security.web.access.ExceptionTranslationFilter@168d1a86, org.springframework.security.web.access.intercept.FilterSecurityInterceptor@2b24df7b]
2018-11-09 10:13:50.237 - INFO  [  restartedMain] .s.h.AbstractUrlHandlerMapping : Mapped URL path [/**/favicon.ico] onto handler of type [class org.springframework.web.servlet.resource.ResourceHttpRequestHandler]
2018-11-09 10:13:50.315 - INFO  [  restartedMain] a.RequestMappingHandlerAdapter : Looking for @ControllerAdvice: org.springframework.boot.web.servlet.context.AnnotationConfigServletWebServerApplicationContext@126c090b: startup date [Fri Nov 09 10:13:44 CST 2018]; root of context hierarchy
2018-11-09 10:13:50.327 - WARN  [  restartedMain] uration$JpaWebMvcConfiguration : spring.jpa.open-in-view is enabled by default. Therefore, database queries may be performed during view rendering. Explicitly configure spring.jpa.open-in-view to disable this warning
2018-11-09 10:13:50.336 - INFO  [  restartedMain] rMethodMapping$MappingRegistry : Mapped "{[/auth/register],methods=[POST]}" onto public linghu.entity.User linghu.controller.AuthController.register(linghu.entity.User) throws org.springframework.security.core.AuthenticationException
2018-11-09 10:13:50.339 - INFO  [  restartedMain] rMethodMapping$MappingRegistry : Mapped "{[/auth],methods=[POST]}" onto public org.springframework.http.ResponseEntity<?> linghu.controller.AuthController.createAuthenticationToken(linghu.dto.JwtAuthenticationRequest) throws org.springframework.security.core.AuthenticationException
2018-11-09 10:13:50.341 - INFO  [  restartedMain] rMethodMapping$MappingRegistry : Mapped "{[/refresh],methods=[GET]}" onto public org.springframework.http.ResponseEntity<?> linghu.controller.AuthController.refreshAndGetAuthenticationToken(javax.servlet.http.HttpServletRequest) throws org.springframework.security.core.AuthenticationException
2018-11-09 10:13:50.344 - INFO  [  restartedMain] rMethodMapping$MappingRegistry : Mapped "{[/],methods=[GET]}" onto public java.lang.String linghu.controller.HomeController.index()
2018-11-09 10:13:50.345 - INFO  [  restartedMain] rMethodMapping$MappingRegistry : Mapped "{[/private],methods=[GET]}" onto public java.lang.String linghu.controller.HomeController.privateArea()
2018-11-09 10:13:50.346 - INFO  [  restartedMain] rMethodMapping$MappingRegistry : Mapped "{[/user]}" onto public java.security.Principal linghu.controller.HomeController.user(java.security.Principal)
2018-11-09 10:13:50.351 - INFO  [  restartedMain] rMethodMapping$MappingRegistry : Mapped "{[/error]}" onto public org.springframework.http.ResponseEntity<java.util.Map<java.lang.String, java.lang.Object>> org.springframework.boot.autoconfigure.web.servlet.error.BasicErrorController.error(javax.servlet.http.HttpServletRequest)
2018-11-09 10:13:50.351 - INFO  [  restartedMain] rMethodMapping$MappingRegistry : Mapped "{[/error],produces=[text/html]}" onto public org.springframework.web.servlet.ModelAndView org.springframework.boot.autoconfigure.web.servlet.error.BasicErrorController.errorHtml(javax.servlet.http.HttpServletRequest,javax.servlet.http.HttpServletResponse)
2018-11-09 10:13:50.376 - INFO  [  restartedMain] .s.h.AbstractUrlHandlerMapping : Mapped URL path [/webjars/**] onto handler of type [class org.springframework.web.servlet.resource.ResourceHttpRequestHandler]
2018-11-09 10:13:50.378 - INFO  [  restartedMain] .s.h.AbstractUrlHandlerMapping : Mapped URL path [/**] onto handler of type [class org.springframework.web.servlet.resource.ResourceHttpRequestHandler]
2018-11-09 10:13:50.506 - INFO  [  restartedMain] b.d.a.OptionalLiveReloadServer : LiveReload server is running on port 35729
2018-11-09 10:13:50.534 - INFO  [  restartedMain] o.s.j.e.MBeanExporter          : Registering beans for JMX exposure on startup
2018-11-09 10:13:50.535 - INFO  [  restartedMain] o.s.j.e.MBeanExporter          : Bean with name 'dataSource' has been autodetected for JMX exposure
2018-11-09 10:13:50.541 - INFO  [  restartedMain] o.s.j.e.MBeanExporter          : Located MBean 'dataSource': registering with JMX server as MBean [com.alibaba.druid.pool:name=dataSource,type=DruidDataSource]
2018-11-09 10:13:50.552 - INFO  [  restartedMain] o.a.j.l.DirectJDKLog           : Starting ProtocolHandler ["http-nio-8080"]
2018-11-09 10:13:50.553 - INFO  [  restartedMain] o.a.j.l.DirectJDKLog           : Using a shared selector for servlet write/read
2018-11-09 10:13:50.564 - INFO  [  restartedMain] o.s.b.w.e.t.TomcatWebServer    : Tomcat started on port(s): 8080 (http) with context path ''
2018-11-09 10:13:50.567 - INFO  [  restartedMain] o.s.b.StartupInfoLogger        : Started Application in 5.876 seconds (JVM running for 196.454)
2018-11-09 10:13:50.571 - INFO  [  restartedMain] EvaluationDeltaLoggingListener : Condition evaluation unchanged
2018-11-09 10:14:15.746 - INFO  [nio-8080-exec-1] o.a.j.l.DirectJDKLog           : Initializing Spring FrameworkServlet 'dispatcherServlet'
2018-11-09 10:14:15.746 - INFO  [nio-8080-exec-1] o.s.w.s.FrameworkServlet       : FrameworkServlet 'dispatcherServlet': initialization started
2018-11-09 10:14:15.749 - INFO  [nio-8080-exec-1] o.s.w.s.FrameworkServlet       : FrameworkServlet 'dispatcherServlet': initialization completed in 3 ms
